<?xml version="1.0" encoding="utf-8"?><testsuites name="pytest tests"><testsuite name="pytest" errors="0" failures="0" skipped="0" tests="205" time="0.634" timestamp="2025-11-23T14:46:11.012395-05:00" hostname="Gabriels-Mac-mini.local"><testcase classname="tests.aplicacion.dtos.test_producto_dtos.TestProductoDto" name="test_producto_dto_creation" time="0.001" /><testcase classname="tests.aplicacion.dtos.test_producto_dtos.TestProductoDto" name="test_producto_dto_immutable" time="0.000" /><testcase classname="tests.aplicacion.dtos.test_producto_dtos.TestProductoDto" name="test_producto_dto_different_categories" time="0.000" /><testcase classname="tests.aplicacion.dtos.test_producto_dtos.TestProductoDto" name="test_producto_dto_float_precision" time="0.000" /><testcase classname="tests.aplicacion.dtos.test_producto_dtos.TestProductoDto" name="test_producto_dto_zero_stock" time="0.000" /><testcase classname="tests.aplicacion.dtos.test_producto_dtos.TestProductoDto" name="test_producto_dto_with_different_providers" time="0.000" /><testcase classname="tests.aplicacion.mappers.test_producto_mapper.TestProductoMapper" name="test_json_to_dto" time="0.000" /><testcase classname="tests.aplicacion.mappers.test_producto_mapper.TestProductoMapper" name="test_dto_to_json" time="0.000" /><testcase classname="tests.aplicacion.mappers.test_producto_mapper.TestProductoMapper" name="test_dto_to_entity" time="0.000" /><testcase classname="tests.aplicacion.mappers.test_producto_mapper.TestProductoMapper" name="test_entity_to_dto" time="0.000" /><testcase classname="tests.aplicacion.mappers.test_producto_mapper.TestProductoMapper" name="test_round_trip_entity_dto" time="0.000" /><testcase classname="tests.aplicacion.mappers.test_producto_mapper.TestProductoMapper" name="test_round_trip_dto_json" time="0.000" /><testcase classname="tests.aplicacion.mappers.test_producto_mapper.TestProductoMapper" name="test_mapper_with_different_values" time="0.000" /><testcase classname="tests.aplicacion.servicios.test_producto_service.TestProductoService" name="test_obtener_todos_los_productos" time="0.009" /><testcase classname="tests.aplicacion.servicios.test_producto_service.TestProductoService" name="test_obtener_producto_por_id_existente" time="0.000" /><testcase classname="tests.aplicacion.servicios.test_producto_service.TestProductoService" name="test_obtener_producto_por_id_no_existente" time="0.000" /><testcase classname="tests.aplicacion.servicios.test_producto_service.TestProductoService" name="test_obtener_productos_por_categoria" time="0.000" /><testcase classname="tests.aplicacion.servicios.test_producto_service.TestProductoService" name="test_buscar_productos_por_nombre" time="0.000" /><testcase classname="tests.aplicacion.servicios.test_producto_service.TestProductoService" name="test_buscar_productos_por_nombre_sin_resultados" time="0.000" /><testcase classname="tests.aplicacion.use_cases.test_producto_use_case.TestProductoUseCase" name="test_obtener_todos_los_productos" time="0.000" /><testcase classname="tests.aplicacion.use_cases.test_producto_use_case.TestProductoUseCase" name="test_obtener_producto_por_id_existente" time="0.000" /><testcase classname="tests.aplicacion.use_cases.test_producto_use_case.TestProductoUseCase" name="test_obtener_producto_por_id_no_existente" time="0.000" /><testcase classname="tests.aplicacion.use_cases.test_producto_use_case.TestProductoUseCase" name="test_obtener_productos_por_categoria" time="0.000" /><testcase classname="tests.aplicacion.use_cases.test_producto_use_case.TestProductoUseCase" name="test_buscar_productos_por_nombre" time="0.000" /><testcase classname="tests.dominio.entities.test_producto_entities.TestProductoEntity" name="test_producto_entity_creation" time="0.000" /><testcase classname="tests.dominio.entities.test_producto_entities.TestProductoEntity" name="test_producto_entity_to_dict" time="0.000" /><testcase classname="tests.dominio.entities.test_producto_entities.TestProductoEntity" name="test_producto_entity_immutable" time="0.000" /><testcase classname="tests.dominio.entities.test_producto_entities.TestProductoEntity" name="test_producto_different_categories" time="0.000" /><testcase classname="tests.dominio.entities.test_producto_entities.TestProductoEntity" name="test_producto_float_precision" time="0.000" /><testcase classname="tests.dominio.entities.test_producto_entities.TestProductoEntity" name="test_producto_zero_stock" time="0.000" /><testcase classname="tests.dominio.entities.test_producto_entities.TestProductoEntity" name="test_producto_with_different_providers" time="0.000" /><testcase classname="tests.dominio.repositorios.test_producto_repository_interface.TestProductoRepositoryInterface" name="test_repository_is_abstract" time="0.000" /><testcase classname="tests.dominio.repositorios.test_producto_repository_interface.TestProductoRepositoryInterface" name="test_repository_has_abstract_methods" time="0.000" /><testcase classname="tests.infraestructura.cmd.test_producto_cmd.TestProductoCmd" name="test_obtener_todos_los_productos_exitoso" time="0.002" /><testcase classname="tests.infraestructura.cmd.test_producto_cmd.TestProductoCmd" name="test_obtener_todos_los_productos_error" time="0.000" /><testcase classname="tests.infraestructura.cmd.test_producto_cmd.TestProductoCmd" name="test_obtener_producto_por_id_exitoso" time="0.001" /><testcase classname="tests.infraestructura.cmd.test_producto_cmd.TestProductoCmd" name="test_obtener_producto_por_id_no_encontrado" time="0.000" /><testcase classname="tests.infraestructura.cmd.test_producto_cmd.TestProductoCmd" name="test_obtener_producto_por_id_error" time="0.000" /><testcase classname="tests.infraestructura.cmd.test_producto_cmd.TestProductoCmd" name="test_obtener_productos_por_categoria_exitoso" time="0.001" /><testcase classname="tests.infraestructura.cmd.test_producto_cmd.TestProductoCmd" name="test_obtener_productos_por_categoria_error" time="0.000" /><testcase classname="tests.infraestructura.cmd.test_producto_cmd.TestProductoCmd" name="test_buscar_productos_por_nombre_exitoso" time="0.001" /><testcase classname="tests.infraestructura.cmd.test_producto_cmd.TestProductoCmd" name="test_buscar_productos_por_nombre_error" time="0.000" /><testcase classname="tests.infraestructura.config.test_config.TestConfig" name="test_config_init" time="0.000" /><testcase classname="tests.infraestructura.config.test_config.TestConfig" name="test_create_app" time="0.003" /><testcase classname="tests.infraestructura.config.test_config.TestConfig" name="test_create_app_with_defaults" time="0.004" /><testcase classname="tests.infraestructura.config.test_config.TestConfig" name="test_get_app" time="0.003" /><testcase classname="tests.infraestructura.config.test_config.TestConfig" name="test_configure_app" time="0.003" /><testcase classname="tests.infraestructura.config.test_config.TestConfig" name="test_configure_cors" time="0.003" /><testcase classname="tests.infraestructura.config.test_config.TestConfig" name="test_configure_db" time="0.003" /><testcase classname="tests.infraestructura.config.test_config.TestConfig" name="test_register_routes" time="0.004" /><testcase classname="tests.infraestructura.config.test_config.TestConfig" name="test_root_route" time="0.007" /><testcase classname="tests.infraestructura.config.test_config.TestConfig" name="test_health_route" time="0.003" /><testcase classname="tests.infraestructura.config.test_config.TestConfig" name="test_request_logging" time="0.003" /><testcase classname="tests.infraestructura.config.test_config.TestConfig" name="test_request_logging_with_json_body" time="0.004" /><testcase classname="tests.infraestructura.config.test_config.TestConfig" name="test_response_logging_without_start_time" time="0.003" /><testcase classname="tests.infraestructura.config.test_config.TestConfig" name="test_setup_dependencies" time="0.003" /><testcase classname="tests.infraestructura.repositorios.test_producto_repository.TestProductoRepositoryImpl" name="test_model_to_entity" time="0.000" /><testcase classname="tests.infraestructura.repositorios.test_producto_repository.TestProductoRepositoryImpl" name="test_entity_to_model" time="0.001" /><testcase classname="tests.infraestructura.repositorios.test_producto_repository.TestProductoRepositoryImpl" name="test_obtener_todos_exitoso" time="0.001" /><testcase classname="tests.infraestructura.repositorios.test_producto_repository.TestProductoRepositoryImpl" name="test_obtener_todos_vacio" time="0.001" /><testcase classname="tests.infraestructura.repositorios.test_producto_repository.TestProductoRepositoryImpl" name="test_obtener_todos_error" time="0.000" /><testcase classname="tests.infraestructura.repositorios.test_producto_repository.TestProductoRepositoryImpl" name="test_obtener_por_id_exitoso" time="0.001" /><testcase classname="tests.infraestructura.repositorios.test_producto_repository.TestProductoRepositoryImpl" name="test_obtener_por_id_no_encontrado" time="0.001" /><testcase classname="tests.infraestructura.repositorios.test_producto_repository.TestProductoRepositoryImpl" name="test_obtener_por_id_error" time="0.001" /><testcase classname="tests.infraestructura.repositorios.test_producto_repository.TestProductoRepositoryImpl" name="test_obtener_por_categoria_exitoso" time="0.001" /><testcase classname="tests.infraestructura.repositorios.test_producto_repository.TestProductoRepositoryImpl" name="test_obtener_por_categoria_error" time="0.000" /><testcase classname="tests.infraestructura.repositorios.test_producto_repository.TestProductoRepositoryImpl" name="test_buscar_por_nombre_exitoso" time="0.001" /><testcase classname="tests.infraestructura.repositorios.test_producto_repository.TestProductoRepositoryImpl" name="test_buscar_por_nombre_error" time="0.000" /><testcase classname="tests.infraestructura.rutas.test_producto_routes.TestProductoRoutes" name="test_create_producto_routes" time="0.000" /><testcase classname="tests.infraestructura.rutas.test_producto_routes.TestProductoRoutes" name="test_route_obtener_todos_los_productos" time="0.002" /><testcase classname="tests.infraestructura.rutas.test_producto_routes.TestProductoRoutes" name="test_route_obtener_producto_por_id" time="0.002" /><testcase classname="tests.infraestructura.rutas.test_producto_routes.TestProductoRoutes" name="test_route_obtener_productos_por_categoria" time="0.002" /><testcase classname="tests.infraestructura.rutas.test_producto_routes.TestProductoRoutes" name="test_route_buscar_productos_por_nombre" time="0.002" /><testcase classname="tests.infraestructura.rutas.test_producto_routes.TestProductoRoutes" name="test_route_buscar_productos_sin_nombre" time="0.002" /><testcase classname="tests.infraestructura.rutas.test_producto_routes.TestProductoRoutes" name="test_route_buscar_productos_con_nombre_vacio" time="0.002" /><testcase classname="tests.infraestructura.rutas.test_producto_routes.TestProductoRoutes" name="test_route_obtener_producto_por_id_diferentes_ids" time="0.002" /><testcase classname="tests.infraestructura.rutas.test_producto_routes.TestProductoRoutes" name="test_route_obtener_productos_por_categoria_diferentes_categorias" time="0.002" /><testcase classname="tests.modules.autorizador.aplicacion.servicios.test_auth_service.TestAuthService" name="test_auth_service_init" time="0.001" /><testcase classname="tests.modules.autorizador.aplicacion.servicios.test_auth_service.TestAuthService" name="test_validate_token_valid" time="0.000" /><testcase classname="tests.modules.autorizador.aplicacion.servicios.test_auth_service.TestAuthService" name="test_validate_token_invalid" time="0.000" /><testcase classname="tests.modules.autorizador.aplicacion.servicios.test_auth_service.TestAuthService" name="test_validate_token_none" time="0.000" /><testcase classname="tests.modules.autorizador.aplicacion.servicios.test_auth_service.TestAuthService" name="test_validate_token_expired" time="0.000" /><testcase classname="tests.modules.autorizador.aplicacion.servicios.test_auth_service.TestAuthService" name="test_get_token_payload_valid" time="0.000" /><testcase classname="tests.modules.autorizador.aplicacion.servicios.test_auth_service.TestAuthService" name="test_get_token_payload_invalid" time="0.000" /><testcase classname="tests.modules.autorizador.aplicacion.servicios.test_auth_service.TestAuthService" name="test_get_token_payload_none" time="0.000" /><testcase classname="tests.modules.autorizador.aplicacion.servicios.test_auth_service.TestAuthService" name="test_get_token_payload_malformed_header" time="0.000" /><testcase classname="tests.modules.autorizador.aplicacion.servicios.test_auth_service.TestAuthService" name="test_authorize_access_public_route" time="0.000" /><testcase classname="tests.modules.autorizador.aplicacion.servicios.test_auth_service.TestAuthService" name="test_authorize_access_internal_request" time="0.001" /><testcase classname="tests.modules.autorizador.aplicacion.servicios.test_auth_service.TestAuthService" name="test_authorize_access_valid_token" time="0.000" /><testcase classname="tests.modules.autorizador.aplicacion.servicios.test_auth_service.TestAuthService" name="test_authorize_access_no_token" time="0.000" /><testcase classname="tests.modules.autorizador.aplicacion.servicios.test_auth_service.TestAuthService" name="test_authorize_access_insufficient_permissions" time="0.000" /><testcase classname="tests.modules.autorizador.aplicacion.servicios.test_auth_service.TestAuthService" name="test_authorize_access_malformed_token" time="0.000" /><testcase classname="tests.modules.autorizador.aplicacion.servicios.test_auth_service.TestAuthService" name="test_get_user_info_valid" time="0.000" /><testcase classname="tests.modules.autorizador.aplicacion.servicios.test_auth_service.TestAuthService" name="test_get_user_info_invalid" time="0.000" /><testcase classname="tests.modules.autorizador.aplicacion.servicios.test_auth_service.TestAuthService" name="test_get_user_info_none" time="0.000" /><testcase classname="tests.modules.autorizador.aplicacion.servicios.test_authorization_service.TestAuthorizationService" name="test_authorization_service_init" time="0.000" /><testcase classname="tests.modules.autorizador.aplicacion.servicios.test_authorization_service.TestAuthorizationService" name="test_validate_token_valid" time="0.000" /><testcase classname="tests.modules.autorizador.aplicacion.servicios.test_authorization_service.TestAuthorizationService" name="test_validate_token_missing" time="0.000" /><testcase classname="tests.modules.autorizador.aplicacion.servicios.test_authorization_service.TestAuthorizationService" name="test_validate_token_invalid" time="0.000" /><testcase classname="tests.modules.autorizador.aplicacion.servicios.test_authorization_service.TestAuthorizationService" name="test_validate_access_allowed" time="0.000" /><testcase classname="tests.modules.autorizador.aplicacion.servicios.test_authorization_service.TestAuthorizationService" name="test_validate_access_denied" time="0.000" /><testcase classname="tests.modules.autorizador.aplicacion.servicios.test_authorization_service.TestAuthorizationService" name="test_authorize_request_public_route" time="0.000" /><testcase classname="tests.modules.autorizador.aplicacion.servicios.test_authorization_service.TestAuthorizationService" name="test_authorize_request_valid" time="0.000" /><testcase classname="tests.modules.autorizador.aplicacion.servicios.test_authorization_service.TestAuthorizationService" name="test_authorize_request_denied" time="0.000" /><testcase classname="tests.modules.autorizador.aplicacion.servicios.test_authorization_service.TestAuthorizationService" name="test_authorize_request_insufficient_permissions" time="0.000" /><testcase classname="tests.modules.autorizador.aplicacion.servicios.test_authorization_service.TestAuthorizationService" name="test_is_public_route" time="0.000" /><testcase classname="tests.modules.autorizador.aplicacion.servicios.test_authorization_service.TestAuthorizationService" name="test_get_user_info_valid" time="0.000" /><testcase classname="tests.modules.autorizador.aplicacion.servicios.test_authorization_service.TestAuthorizationService" name="test_get_user_info_invalid" time="0.000" /><testcase classname="tests.modules.autorizador.aplicacion.servicios.test_authorization_service.TestAuthorizationService" name="test_get_user_info_none" time="0.000" /><testcase classname="tests.modules.autorizador.aplicacion.use_cases.test_access_validator.TestAccessValidator" name="test_access_validator_init" time="0.000" /><testcase classname="tests.modules.autorizador.aplicacion.use_cases.test_access_validator.TestAccessValidator" name="test_is_public_route_exact_match" time="0.000" /><testcase classname="tests.modules.autorizador.aplicacion.use_cases.test_access_validator.TestAccessValidator" name="test_is_public_route_prefix_match" time="0.000" /><testcase classname="tests.modules.autorizador.aplicacion.use_cases.test_access_validator.TestAccessValidator" name="test_is_public_route_private" time="0.000" /><testcase classname="tests.modules.autorizador.aplicacion.use_cases.test_access_validator.TestAccessValidator" name="test_is_internal_request_with_headers" time="0.001" /><testcase classname="tests.modules.autorizador.aplicacion.use_cases.test_access_validator.TestAccessValidator" name="test_is_internal_request_without_headers" time="0.000" /><testcase classname="tests.modules.autorizador.aplicacion.use_cases.test_access_validator.TestAccessValidator" name="test_is_internal_request_partial_headers" time="0.000" /><testcase classname="tests.modules.autorizador.aplicacion.use_cases.test_access_validator.TestAccessValidator" name="test_validate_access_public_route" time="0.000" /><testcase classname="tests.modules.autorizador.aplicacion.use_cases.test_access_validator.TestAccessValidator" name="test_validate_access_admin_read" time="0.000" /><testcase classname="tests.modules.autorizador.aplicacion.use_cases.test_access_validator.TestAccessValidator" name="test_validate_access_admin_create" time="0.000" /><testcase classname="tests.modules.autorizador.aplicacion.use_cases.test_access_validator.TestAccessValidator" name="test_validate_access_user_read" time="0.000" /><testcase classname="tests.modules.autorizador.aplicacion.use_cases.test_access_validator.TestAccessValidator" name="test_validate_access_viewer_read" time="0.000" /><testcase classname="tests.modules.autorizador.aplicacion.use_cases.test_access_validator.TestAccessValidator" name="test_validate_access_viewer_create_denied" time="0.000" /><testcase classname="tests.modules.autorizador.aplicacion.use_cases.test_access_validator.TestAccessValidator" name="test_validate_access_unauthorized_route" time="0.000" /><testcase classname="tests.modules.autorizador.aplicacion.use_cases.test_access_validator.TestAccessValidator" name="test_get_required_permission_exact_route" time="0.000" /><testcase classname="tests.modules.autorizador.aplicacion.use_cases.test_access_validator.TestAccessValidator" name="test_get_required_permission_prefix_route" time="0.000" /><testcase classname="tests.modules.autorizador.aplicacion.use_cases.test_access_validator.TestAccessValidator" name="test_get_required_permission_unauthorized_route" time="0.000" /><testcase classname="tests.modules.autorizador.aplicacion.use_cases.test_access_validator.TestAccessValidator" name="test_get_user_permissions_admin" time="0.000" /><testcase classname="tests.modules.autorizador.aplicacion.use_cases.test_access_validator.TestAccessValidator" name="test_get_user_permissions_user" time="0.000" /><testcase classname="tests.modules.autorizador.aplicacion.use_cases.test_access_validator.TestAccessValidator" name="test_get_user_permissions_viewer" time="0.000" /><testcase classname="tests.modules.autorizador.aplicacion.use_cases.test_token_validator.TestTokenValidator" name="test_token_validator_init" time="0.000" /><testcase classname="tests.modules.autorizador.aplicacion.use_cases.test_token_validator.TestTokenValidator" name="test_extract_token_from_header_valid" time="0.000" /><testcase classname="tests.modules.autorizador.aplicacion.use_cases.test_token_validator.TestTokenValidator" name="test_extract_token_from_header_none" time="0.000" /><testcase classname="tests.modules.autorizador.aplicacion.use_cases.test_token_validator.TestTokenValidator" name="test_extract_token_from_header_empty" time="0.000" /><testcase classname="tests.modules.autorizador.aplicacion.use_cases.test_token_validator.TestTokenValidator" name="test_extract_token_from_header_no_bearer" time="0.000" /><testcase classname="tests.modules.autorizador.aplicacion.use_cases.test_token_validator.TestTokenValidator" name="test_extract_token_from_header_malformed" time="0.000" /><testcase classname="tests.modules.autorizador.aplicacion.use_cases.test_token_validator.TestTokenValidator" name="test_extract_token_from_header_short_token" time="0.000" /><testcase classname="tests.modules.autorizador.aplicacion.use_cases.test_token_validator.TestTokenValidator" name="test_extract_token_from_header_invalid_jwt_format" time="0.000" /><testcase classname="tests.modules.autorizador.aplicacion.use_cases.test_token_validator.TestTokenValidator" name="test_validate_token_valid" time="0.000" /><testcase classname="tests.modules.autorizador.aplicacion.use_cases.test_token_validator.TestTokenValidator" name="test_validate_token_expired" time="0.000" /><testcase classname="tests.modules.autorizador.aplicacion.use_cases.test_token_validator.TestTokenValidator" name="test_validate_token_invalid_signature" time="0.000" /><testcase classname="tests.modules.autorizador.aplicacion.use_cases.test_token_validator.TestTokenValidator" name="test_validate_token_empty" time="0.000" /><testcase classname="tests.modules.autorizador.aplicacion.use_cases.test_token_validator.TestTokenValidator" name="test_validate_token_none" time="0.000" /><testcase classname="tests.modules.autorizador.aplicacion.use_cases.test_token_validator.TestTokenValidator" name="test_validate_token_missing_fields" time="0.000" /><testcase classname="tests.modules.autorizador.aplicacion.use_cases.test_token_validator.TestTokenValidator" name="test_validate_token_invalid_role" time="0.000" /><testcase classname="tests.modules.autorizador.aplicacion.use_cases.test_token_validator.TestTokenValidator" name="test_validate_payload_structure_valid" time="0.000" /><testcase classname="tests.modules.autorizador.aplicacion.use_cases.test_token_validator.TestTokenValidator" name="test_validate_payload_structure_missing_user_id" time="0.000" /><testcase classname="tests.modules.autorizador.aplicacion.use_cases.test_token_validator.TestTokenValidator" name="test_validate_payload_structure_missing_role" time="0.000" /><testcase classname="tests.modules.autorizador.aplicacion.use_cases.test_token_validator.TestTokenValidator" name="test_validate_payload_structure_missing_exp" time="0.000" /><testcase classname="tests.modules.autorizador.aplicacion.use_cases.test_token_validator.TestTokenValidator" name="test_validate_payload_structure_invalid_user_id_type" time="0.000" /><testcase classname="tests.modules.autorizador.aplicacion.use_cases.test_token_validator.TestTokenValidator" name="test_validate_payload_structure_invalid_exp_type" time="0.000" /><testcase classname="tests.modules.autorizador.dominio.entities.test_token_payload.TestRole" name="test_role_values" time="0.000" /><testcase classname="tests.modules.autorizador.dominio.entities.test_token_payload.TestTokenPayload" name="test_token_payload_creation" time="0.000" /><testcase classname="tests.modules.autorizador.dominio.entities.test_token_payload.TestTokenPayload" name="test_token_payload_with_iat" time="0.000" /><testcase classname="tests.modules.autorizador.dominio.entities.test_token_payload.TestTokenPayload" name="test_token_payload_from_dict" time="0.000" /><testcase classname="tests.modules.autorizador.dominio.entities.test_token_payload.TestTokenPayload" name="test_token_payload_from_dict_lowercase_role" time="0.000" /><testcase classname="tests.modules.autorizador.dominio.entities.test_token_payload.TestTokenPayload" name="test_token_payload_from_dict_without_iat" time="0.000" /><testcase classname="tests.modules.autorizador.dominio.entities.test_token_payload.TestTokenPayload" name="test_token_payload_is_expired" time="0.000" /><testcase classname="tests.modules.autorizador.dominio.entities.test_token_payload.TestTokenPayload" name="test_token_payload_has_role" time="0.000" /><testcase classname="tests.modules.autorizador.dominio.entities.test_token_payload.TestTokenPayload" name="test_token_payload_has_admin_access" time="0.000" /><testcase classname="tests.modules.autorizador.dominio.entities.test_token_payload.TestTokenPayload" name="test_token_payload_different_roles" time="0.000" /><testcase classname="tests.modules.autorizador.dominio.exceptions.test_exceptions.TestExceptions" name="test_authorization_error_base" time="0.000" /><testcase classname="tests.modules.autorizador.dominio.exceptions.test_exceptions.TestExceptions" name="test_invalid_token_error" time="0.000" /><testcase classname="tests.modules.autorizador.dominio.exceptions.test_exceptions.TestExceptions" name="test_invalid_token_error_default_message" time="0.000" /><testcase classname="tests.modules.autorizador.dominio.exceptions.test_exceptions.TestExceptions" name="test_expired_token_error" time="0.000" /><testcase classname="tests.modules.autorizador.dominio.exceptions.test_exceptions.TestExceptions" name="test_expired_token_error_default_message" time="0.000" /><testcase classname="tests.modules.autorizador.dominio.exceptions.test_exceptions.TestExceptions" name="test_insufficient_permissions_error" time="0.000" /><testcase classname="tests.modules.autorizador.dominio.exceptions.test_exceptions.TestExceptions" name="test_insufficient_permissions_error_default_message" time="0.000" /><testcase classname="tests.modules.autorizador.dominio.exceptions.test_exceptions.TestExceptions" name="test_missing_token_error" time="0.000" /><testcase classname="tests.modules.autorizador.dominio.exceptions.test_exceptions.TestExceptions" name="test_missing_token_error_default_message" time="0.000" /><testcase classname="tests.modules.autorizador.dominio.exceptions.test_exceptions.TestExceptions" name="test_exception_inheritance" time="0.000" /><testcase classname="tests.modules.autorizador.infraestructura.middleware.test_authorization_middleware.TestAuthorizationMiddleware" name="test_middleware_init" time="0.000" /><testcase classname="tests.modules.autorizador.infraestructura.middleware.test_authorization_middleware.TestAuthorizationMiddleware" name="test_before_request_options" time="0.001" /><testcase classname="tests.modules.autorizador.infraestructura.middleware.test_authorization_middleware.TestAuthorizationMiddleware" name="test_before_request_public_route" time="0.001" /><testcase classname="tests.modules.autorizador.infraestructura.middleware.test_authorization_middleware.TestAuthorizationMiddleware" name="test_before_request_authorized" time="0.001" /><testcase classname="tests.modules.autorizador.infraestructura.middleware.test_authorization_middleware.TestAuthorizationMiddleware" name="test_before_request_unauthorized" time="0.001" /><testcase classname="tests.modules.autorizador.infraestructura.middleware.test_authorization_middleware.TestAuthorizationMiddleware" name="test_before_request_invalid_token" time="0.001" /><testcase classname="tests.modules.autorizador.infraestructura.middleware.test_authorization_middleware.TestAuthorizationMiddleware" name="test_create_authorization_middleware_valid" time="0.001" /><testcase classname="tests.modules.autorizador.infraestructura.middleware.test_authorization_middleware.TestAuthorizationMiddleware" name="test_create_authorization_middleware_short_secret" time="0.001" /><testcase classname="tests.modules.autorizador.infraestructura.middleware.test_authorization_middleware.TestAuthorizationMiddleware" name="test_create_authorization_middleware_empty_secret" time="0.000" /><testcase classname="tests.modules.autorizador.infraestructura.middleware.test_authorization_middleware.TestAuthorizationMiddleware" name="test_create_authorization_middleware_none_secret" time="0.000" /><testcase classname="tests.modules.autorizador.infraestructura.middleware.test_authorization_middleware.TestAuthorizationMiddleware" name="test_create_authorization_middleware_registers_before_request" time="0.001" /><testcase classname="tests.modules.autorizador.infraestructura.rutas.test_auth_routes.TestAuthRoutes" name="test_create_auth_routes" time="0.000" /><testcase classname="tests.modules.autorizador.infraestructura.rutas.test_auth_routes.TestAuthRoutes" name="test_route_validate_token" time="0.002" /><testcase classname="tests.modules.autorizador.infraestructura.rutas.test_auth_routes.TestAuthRoutes" name="test_route_authorize_access" time="0.002" /><testcase classname="tests.modules.autorizador.infraestructura.rutas.test_auth_routes.TestAuthRoutes" name="test_route_get_user_info" time="0.002" /><testcase classname="tests.modules.autorizador.infraestructura.rutas.test_auth_routes.TestAuthRoutes" name="test_route_get_resources" time="0.002" /><testcase classname="tests.modules.autorizador.infraestructura.test_auth_cmd.TestAuthCmd" name="test_auth_cmd_init" time="0.000" /><testcase classname="tests.modules.autorizador.infraestructura.test_auth_cmd.TestAuthCmd" name="test_validate_token_success" time="0.001" /><testcase classname="tests.modules.autorizador.infraestructura.test_auth_cmd.TestAuthCmd" name="test_validate_token_invalid" time="0.001" /><testcase classname="tests.modules.autorizador.infraestructura.test_auth_cmd.TestAuthCmd" name="test_validate_token_missing" time="0.001" /><testcase classname="tests.modules.autorizador.infraestructura.test_auth_cmd.TestAuthCmd" name="test_validate_token_invalid_format" time="0.001" /><testcase classname="tests.modules.autorizador.infraestructura.test_auth_cmd.TestAuthCmd" name="test_validate_token_error" time="0.001" /><testcase classname="tests.modules.autorizador.infraestructura.test_auth_cmd.TestAuthCmd" name="test_authorize_access_success" time="0.001" /><testcase classname="tests.modules.autorizador.infraestructura.test_auth_cmd.TestAuthCmd" name="test_authorize_access_denied" time="0.001" /><testcase classname="tests.modules.autorizador.infraestructura.test_auth_cmd.TestAuthCmd" name="test_authorize_access_missing_data" time="0.001" /><testcase classname="tests.modules.autorizador.infraestructura.test_auth_cmd.TestAuthCmd" name="test_authorize_access_error" time="0.001" /><testcase classname="tests.modules.autorizador.infraestructura.test_auth_cmd.TestAuthCmd" name="test_get_user_info_success" time="0.001" /><testcase classname="tests.modules.autorizador.infraestructura.test_auth_cmd.TestAuthCmd" name="test_get_user_info_invalid_token" time="0.001" /><testcase classname="tests.modules.autorizador.infraestructura.test_auth_cmd.TestAuthCmd" name="test_get_user_info_missing_token" time="0.001" /><testcase classname="tests.modules.autorizador.infraestructura.test_auth_cmd.TestAuthCmd" name="test_get_user_info_error" time="0.001" /><testcase classname="tests.test_main.TestMain" name="test_setup_logging" time="0.001" /><testcase classname="tests.test_main.TestMain" name="test_setup_logging_default_level" time="0.001" /><testcase classname="tests.test_main.TestMain" name="test_create_application_success" time="0.001" /><testcase classname="tests.test_main.TestMain" name="test_create_application_error" time="0.001" /><testcase classname="tests.test_main.TestMain" name="test_main_module_import" time="0.014" /></testsuite></testsuites>