<?xml version="1.0" encoding="utf-8"?><testsuites name="pytest tests"><testsuite name="pytest" errors="0" failures="40" skipped="0" tests="199" time="0.601" timestamp="2025-11-23T14:49:02.857868-05:00" hostname="Gabriels-Mac-mini.local"><testcase classname="tests.aplicacion.dtos.test_provedor_dtos.TestProvedorDto" name="test_provedor_dto_creation" time="0.001" /><testcase classname="tests.aplicacion.dtos.test_provedor_dtos.TestProvedorDto" name="test_provedor_dto_immutable" time="0.000" /><testcase classname="tests.aplicacion.dtos.test_provedor_dtos.TestProvedorDto" name="test_provedor_dto_pais_enum" time="0.000" /><testcase classname="tests.aplicacion.dtos.test_provedor_dtos.TestProvedorDto" name="test_provedor_dto_different_countries" time="0.000" /><testcase classname="tests.aplicacion.dtos.test_provedor_dtos.TestProvedorDto" name="test_provedor_dto_numeric_fields" time="0.000" /><testcase classname="tests.aplicacion.dtos.test_provedor_dtos.TestProvedorDto" name="test_provedor_dto_string_fields" time="0.000" /><testcase classname="tests.aplicacion.dtos.test_provedor_dtos.TestProvedorDto" name="test_provedor_dto_edge_cases" time="0.000" /><testcase classname="tests.aplicacion.dtos.test_provedor_dtos.TestProvedorDto" name="test_provedor_dto_south_american_countries" time="0.000" /><testcase classname="tests.aplicacion.mappers.test_provedor_mapper.TestProvedorMapper" name="test_entity_to_dto" time="0.000" /><testcase classname="tests.aplicacion.mappers.test_provedor_mapper.TestProvedorMapper" name="test_dto_to_entity" time="0.000" /><testcase classname="tests.aplicacion.mappers.test_provedor_mapper.TestProvedorMapper" name="test_entities_to_dtos" time="0.000" /><testcase classname="tests.aplicacion.mappers.test_provedor_mapper.TestProvedorMapper" name="test_dto_to_dict" time="0.000" /><testcase classname="tests.aplicacion.mappers.test_provedor_mapper.TestProvedorMapper" name="test_dtos_to_dicts" time="0.000" /><testcase classname="tests.aplicacion.mappers.test_provedor_mapper.TestProvedorMapper" name="test_round_trip_entity_dto" time="0.000" /><testcase classname="tests.aplicacion.mappers.test_provedor_mapper.TestProvedorMapper" name="test_mapper_with_different_paises" time="0.000" /><testcase classname="tests.aplicacion.mappers.test_provedor_mapper.TestProvedorMapper" name="test_mapper_with_different_values" time="0.000" /><testcase classname="tests.aplicacion.mappers.test_provedor_mapper.TestProvedorMapper" name="test_entities_to_dtos_empty_list" time="0.000" /><testcase classname="tests.aplicacion.mappers.test_provedor_mapper.TestProvedorMapper" name="test_dtos_to_dicts_empty_list" time="0.000" /><testcase classname="tests.aplicacion.servicios.test_provedor_service.TestProvedorService" name="test_obtener_todos_los_provedores" time="0.001" /><testcase classname="tests.aplicacion.servicios.test_provedor_service.TestProvedorService" name="test_obtener_provedor_por_id_existente" time="0.000" /><testcase classname="tests.aplicacion.servicios.test_provedor_service.TestProvedorService" name="test_obtener_provedor_por_id_no_existente" time="0.000" /><testcase classname="tests.aplicacion.servicios.test_provedor_service.TestProvedorService" name="test_obtener_provedor_por_nit_existente" time="0.000" /><testcase classname="tests.aplicacion.servicios.test_provedor_service.TestProvedorService" name="test_obtener_provedor_por_nit_no_existente" time="0.000" /><testcase classname="tests.aplicacion.servicios.test_provedor_service.TestProvedorService" name="test_obtener_provedores_por_pais" time="0.001" /><testcase classname="tests.aplicacion.servicios.test_provedor_service.TestProvedorService" name="test_buscar_provedores_por_nombre" time="0.001" /><testcase classname="tests.aplicacion.servicios.test_provedor_service.TestProvedorService" name="test_buscar_provedores_por_nombre_sin_resultados" time="0.000" /><testcase classname="tests.aplicacion.servicios.test_provedor_service.TestProvedorService" name="test_crear_provedor" time="0.000" /><testcase classname="tests.aplicacion.servicios.test_provedor_service.TestProvedorService" name="test_actualizar_provedor" time="0.000" /><testcase classname="tests.aplicacion.servicios.test_provedor_service.TestProvedorService" name="test_eliminar_provedor" time="0.000" /><testcase classname="tests.aplicacion.servicios.test_provedor_service.TestProvedorService" name="test_eliminar_provedor_no_existente" time="0.000" /><testcase classname="tests.aplicacion.use_cases.test_provedor_use_case.TestProvedorUseCase" name="test_obtener_todos_los_provedores" time="0.000" /><testcase classname="tests.aplicacion.use_cases.test_provedor_use_case.TestProvedorUseCase" name="test_obtener_provedor_por_id_existente" time="0.000" /><testcase classname="tests.aplicacion.use_cases.test_provedor_use_case.TestProvedorUseCase" name="test_obtener_provedor_por_id_no_existente" time="0.000" /><testcase classname="tests.aplicacion.use_cases.test_provedor_use_case.TestProvedorUseCase" name="test_obtener_provedor_por_nit_existente" time="0.000" /><testcase classname="tests.aplicacion.use_cases.test_provedor_use_case.TestProvedorUseCase" name="test_obtener_provedor_por_nit_no_existente" time="0.001" /><testcase classname="tests.aplicacion.use_cases.test_provedor_use_case.TestProvedorUseCase" name="test_obtener_provedores_por_pais" time="0.000" /><testcase classname="tests.aplicacion.use_cases.test_provedor_use_case.TestProvedorUseCase" name="test_buscar_provedores_por_nombre" time="0.000" /><testcase classname="tests.aplicacion.use_cases.test_provedor_use_case.TestProvedorUseCase" name="test_crear_provedor" time="0.000" /><testcase classname="tests.aplicacion.use_cases.test_provedor_use_case.TestProvedorUseCase" name="test_actualizar_provedor" time="0.000" /><testcase classname="tests.aplicacion.use_cases.test_provedor_use_case.TestProvedorUseCase" name="test_eliminar_provedor" time="0.000" /><testcase classname="tests.aplicacion.use_cases.test_provedor_use_case.TestProvedorUseCase" name="test_eliminar_provedor_no_existente" time="0.000" /><testcase classname="tests.dominio.entities.test_provedor_entities.TestProvedorEntity" name="test_provedor_entity_creation" time="0.000" /><testcase classname="tests.dominio.entities.test_provedor_entities.TestProvedorEntity" name="test_provedor_entity_to_dict" time="0.000" /><testcase classname="tests.dominio.entities.test_provedor_entities.TestProvedorEntity" name="test_provedor_entity_immutable" time="0.000" /><testcase classname="tests.dominio.entities.test_provedor_entities.TestProvedorEntity" name="test_provedor_pais_enum" time="0.000" /><testcase classname="tests.dominio.entities.test_provedor_entities.TestProvedorEntity" name="test_provedor_different_countries" time="0.000" /><testcase classname="tests.dominio.entities.test_provedor_entities.TestProvedorEntity" name="test_provedor_numeric_fields" time="0.000" /><testcase classname="tests.dominio.entities.test_provedor_entities.TestProvedorEntity" name="test_provedor_string_fields" time="0.000" /><testcase classname="tests.dominio.entities.test_provedor_entities.TestProvedorEntity" name="test_provedor_edge_cases" time="0.000" /><testcase classname="tests.infraestructura.cmd.test_provedor_cmd.TestProvedorCmd" name="test_obtener_todos_los_provedores_exitoso" time="0.123" /><testcase classname="tests.infraestructura.cmd.test_provedor_cmd.TestProvedorCmd" name="test_obtener_todos_los_provedores_error" time="0.000" /><testcase classname="tests.infraestructura.cmd.test_provedor_cmd.TestProvedorCmd" name="test_obtener_provedor_por_id_exitoso" time="0.001" /><testcase classname="tests.infraestructura.cmd.test_provedor_cmd.TestProvedorCmd" name="test_obtener_provedor_por_id_no_encontrado" time="0.000" /><testcase classname="tests.infraestructura.cmd.test_provedor_cmd.TestProvedorCmd" name="test_obtener_provedor_por_id_error" time="0.000" /><testcase classname="tests.infraestructura.cmd.test_provedor_cmd.TestProvedorCmd" name="test_obtener_provedor_por_nit_exitoso" time="0.001" /><testcase classname="tests.infraestructura.cmd.test_provedor_cmd.TestProvedorCmd" name="test_obtener_provedor_por_nit_no_encontrado" time="0.001" /><testcase classname="tests.infraestructura.cmd.test_provedor_cmd.TestProvedorCmd" name="test_obtener_provedor_por_nit_error" time="0.000" /><testcase classname="tests.infraestructura.cmd.test_provedor_cmd.TestProvedorCmd" name="test_obtener_provedores_por_pais_exitoso" time="0.001" /><testcase classname="tests.infraestructura.cmd.test_provedor_cmd.TestProvedorCmd" name="test_obtener_provedores_por_pais_error" time="0.000" /><testcase classname="tests.infraestructura.cmd.test_provedor_cmd.TestProvedorCmd" name="test_buscar_provedores_por_nombre_exitoso" time="0.001" /><testcase classname="tests.infraestructura.cmd.test_provedor_cmd.TestProvedorCmd" name="test_buscar_provedores_por_nombre_error" time="0.000" /><testcase classname="tests.infraestructura.config.test_config.TestConfig" name="test_config_init" time="0.000" /><testcase classname="tests.infraestructura.config.test_config.TestConfig" name="test_create_app" time="0.000"><failure message="AttributeError: &lt;module 'src.infraestructura.config.config' from '/Users/felipev9/Documents/andes/MediSupply/medi-supply-back-grupo3/provedores/src/infraestructura/config/config.py'&gt; does not have the attribute 'db_provedores'">E   AttributeError: &lt;module 'src.infraestructura.config.config' from '/Users/felipev9/Documents/andes/MediSupply/medi-supply-back-grupo3/provedores/src/infraestructura/config/config.py'&gt; does not have the attribute 'db_provedores'</failure></testcase><testcase classname="tests.infraestructura.config.test_config.TestConfig" name="test_configure_app" time="0.000"><failure message="AttributeError: &lt;module 'src.infraestructura.config.config' from '/Users/felipev9/Documents/andes/MediSupply/medi-supply-back-grupo3/provedores/src/infraestructura/config/config.py'&gt; does not have the attribute 'db_provedores'">E   AttributeError: &lt;module 'src.infraestructura.config.config' from '/Users/felipev9/Documents/andes/MediSupply/medi-supply-back-grupo3/provedores/src/infraestructura/config/config.py'&gt; does not have the attribute 'db_provedores'</failure></testcase><testcase classname="tests.infraestructura.config.test_config.TestConfig" name="test_get_app" time="0.000"><failure message="AttributeError: &lt;module 'src.infraestructura.config.config' from '/Users/felipev9/Documents/andes/MediSupply/medi-supply-back-grupo3/provedores/src/infraestructura/config/config.py'&gt; does not have the attribute 'db_provedores'">E   AttributeError: &lt;module 'src.infraestructura.config.config' from '/Users/felipev9/Documents/andes/MediSupply/medi-supply-back-grupo3/provedores/src/infraestructura/config/config.py'&gt; does not have the attribute 'db_provedores'</failure></testcase><testcase classname="tests.infraestructura.config.test_config.TestConfig" name="test_register_routes" time="0.000"><failure message="AttributeError: &lt;module 'src.infraestructura.config.config' from '/Users/felipev9/Documents/andes/MediSupply/medi-supply-back-grupo3/provedores/src/infraestructura/config/config.py'&gt; does not have the attribute 'db_provedores'">E   AttributeError: &lt;module 'src.infraestructura.config.config' from '/Users/felipev9/Documents/andes/MediSupply/medi-supply-back-grupo3/provedores/src/infraestructura/config/config.py'&gt; does not have the attribute 'db_provedores'</failure></testcase><testcase classname="tests.infraestructura.repositorios.test_provedor_repository.TestProvedorRepositoryImpl" name="test_model_to_entity" time="0.000"><failure message="AttributeError: 'ProvedorRepositoryImpl' object has no attribute '_model_to_entity'">E   AttributeError: 'ProvedorRepositoryImpl' object has no attribute '_model_to_entity'</failure></testcase><testcase classname="tests.infraestructura.repositorios.test_provedor_repository.TestProvedorRepositoryImpl" name="test_entity_to_model" time="0.000"><failure message="AttributeError: 'ProvedorRepositoryImpl' object has no attribute '_entity_to_model'">E   AttributeError: 'ProvedorRepositoryImpl' object has no attribute '_entity_to_model'</failure></testcase><testcase classname="tests.infraestructura.repositorios.test_provedor_repository.TestProvedorRepositoryImpl" name="test_entity_to_model_sin_id" time="0.000"><failure message="AttributeError: 'ProvedorRepositoryImpl' object has no attribute '_entity_to_model'">E   AttributeError: 'ProvedorRepositoryImpl' object has no attribute '_entity_to_model'</failure></testcase><testcase classname="tests.infraestructura.repositorios.test_provedor_repository.TestProvedorRepositoryImpl" name="test_obtener_todos_exitoso" time="0.000"><failure message="AttributeError: &lt;module 'src.infraestructura.repositorios.provedor_repository' from '/Users/felipev9/Documents/andes/MediSupply/medi-supply-back-grupo3/provedores/src/infraestructura/repositorios/provedor_repository.py'&gt; does not have the attribute 'db_provedores'">E   AttributeError: &lt;module 'src.infraestructura.repositorios.provedor_repository' from '/Users/felipev9/Documents/andes/MediSupply/medi-supply-back-grupo3/provedores/src/infraestructura/repositorios/provedor_repository.py'&gt; does not have the attribute 'db_provedores'</failure></testcase><testcase classname="tests.infraestructura.repositorios.test_provedor_repository.TestProvedorRepositoryImpl" name="test_obtener_todos_vacio" time="0.000"><failure message="AttributeError: &lt;module 'src.infraestructura.repositorios.provedor_repository' from '/Users/felipev9/Documents/andes/MediSupply/medi-supply-back-grupo3/provedores/src/infraestructura/repositorios/provedor_repository.py'&gt; does not have the attribute 'db_provedores'">E   AttributeError: &lt;module 'src.infraestructura.repositorios.provedor_repository' from '/Users/felipev9/Documents/andes/MediSupply/medi-supply-back-grupo3/provedores/src/infraestructura/repositorios/provedor_repository.py'&gt; does not have the attribute 'db_provedores'</failure></testcase><testcase classname="tests.infraestructura.repositorios.test_provedor_repository.TestProvedorRepositoryImpl" name="test_obtener_todos_error" time="0.000"><failure message="AttributeError: &lt;module 'src.infraestructura.repositorios.provedor_repository' from '/Users/felipev9/Documents/andes/MediSupply/medi-supply-back-grupo3/provedores/src/infraestructura/repositorios/provedor_repository.py'&gt; does not have the attribute 'db_provedores'">E   AttributeError: &lt;module 'src.infraestructura.repositorios.provedor_repository' from '/Users/felipev9/Documents/andes/MediSupply/medi-supply-back-grupo3/provedores/src/infraestructura/repositorios/provedor_repository.py'&gt; does not have the attribute 'db_provedores'</failure></testcase><testcase classname="tests.infraestructura.repositorios.test_provedor_repository.TestProvedorRepositoryImpl" name="test_obtener_por_id_exitoso" time="0.000"><failure message="AttributeError: &lt;module 'src.infraestructura.repositorios.provedor_repository' from '/Users/felipev9/Documents/andes/MediSupply/medi-supply-back-grupo3/provedores/src/infraestructura/repositorios/provedor_repository.py'&gt; does not have the attribute 'db_provedores'">E   AttributeError: &lt;module 'src.infraestructura.repositorios.provedor_repository' from '/Users/felipev9/Documents/andes/MediSupply/medi-supply-back-grupo3/provedores/src/infraestructura/repositorios/provedor_repository.py'&gt; does not have the attribute 'db_provedores'</failure></testcase><testcase classname="tests.infraestructura.repositorios.test_provedor_repository.TestProvedorRepositoryImpl" name="test_obtener_por_id_no_encontrado" time="0.000"><failure message="AttributeError: &lt;module 'src.infraestructura.repositorios.provedor_repository' from '/Users/felipev9/Documents/andes/MediSupply/medi-supply-back-grupo3/provedores/src/infraestructura/repositorios/provedor_repository.py'&gt; does not have the attribute 'db_provedores'">E   AttributeError: &lt;module 'src.infraestructura.repositorios.provedor_repository' from '/Users/felipev9/Documents/andes/MediSupply/medi-supply-back-grupo3/provedores/src/infraestructura/repositorios/provedor_repository.py'&gt; does not have the attribute 'db_provedores'</failure></testcase><testcase classname="tests.infraestructura.repositorios.test_provedor_repository.TestProvedorRepositoryImpl" name="test_obtener_por_id_error" time="0.000"><failure message="AttributeError: &lt;module 'src.infraestructura.repositorios.provedor_repository' from '/Users/felipev9/Documents/andes/MediSupply/medi-supply-back-grupo3/provedores/src/infraestructura/repositorios/provedor_repository.py'&gt; does not have the attribute 'db_provedores'">E   AttributeError: &lt;module 'src.infraestructura.repositorios.provedor_repository' from '/Users/felipev9/Documents/andes/MediSupply/medi-supply-back-grupo3/provedores/src/infraestructura/repositorios/provedor_repository.py'&gt; does not have the attribute 'db_provedores'</failure></testcase><testcase classname="tests.infraestructura.repositorios.test_provedor_repository.TestProvedorRepositoryImpl" name="test_obtener_por_nit_exitoso" time="0.000"><failure message="AttributeError: &lt;module 'src.infraestructura.repositorios.provedor_repository' from '/Users/felipev9/Documents/andes/MediSupply/medi-supply-back-grupo3/provedores/src/infraestructura/repositorios/provedor_repository.py'&gt; does not have the attribute 'db_provedores'">E   AttributeError: &lt;module 'src.infraestructura.repositorios.provedor_repository' from '/Users/felipev9/Documents/andes/MediSupply/medi-supply-back-grupo3/provedores/src/infraestructura/repositorios/provedor_repository.py'&gt; does not have the attribute 'db_provedores'</failure></testcase><testcase classname="tests.infraestructura.repositorios.test_provedor_repository.TestProvedorRepositoryImpl" name="test_obtener_por_nit_no_encontrado" time="0.000"><failure message="AttributeError: &lt;module 'src.infraestructura.repositorios.provedor_repository' from '/Users/felipev9/Documents/andes/MediSupply/medi-supply-back-grupo3/provedores/src/infraestructura/repositorios/provedor_repository.py'&gt; does not have the attribute 'db_provedores'">E   AttributeError: &lt;module 'src.infraestructura.repositorios.provedor_repository' from '/Users/felipev9/Documents/andes/MediSupply/medi-supply-back-grupo3/provedores/src/infraestructura/repositorios/provedor_repository.py'&gt; does not have the attribute 'db_provedores'</failure></testcase><testcase classname="tests.infraestructura.repositorios.test_provedor_repository.TestProvedorRepositoryImpl" name="test_obtener_por_pais_exitoso" time="0.000"><failure message="AttributeError: &lt;module 'src.infraestructura.repositorios.provedor_repository' from '/Users/felipev9/Documents/andes/MediSupply/medi-supply-back-grupo3/provedores/src/infraestructura/repositorios/provedor_repository.py'&gt; does not have the attribute 'db_provedores'">E   AttributeError: &lt;module 'src.infraestructura.repositorios.provedor_repository' from '/Users/felipev9/Documents/andes/MediSupply/medi-supply-back-grupo3/provedores/src/infraestructura/repositorios/provedor_repository.py'&gt; does not have the attribute 'db_provedores'</failure></testcase><testcase classname="tests.infraestructura.repositorios.test_provedor_repository.TestProvedorRepositoryImpl" name="test_obtener_por_pais_error" time="0.000"><failure message="AttributeError: &lt;module 'src.infraestructura.repositorios.provedor_repository' from '/Users/felipev9/Documents/andes/MediSupply/medi-supply-back-grupo3/provedores/src/infraestructura/repositorios/provedor_repository.py'&gt; does not have the attribute 'db_provedores'">E   AttributeError: &lt;module 'src.infraestructura.repositorios.provedor_repository' from '/Users/felipev9/Documents/andes/MediSupply/medi-supply-back-grupo3/provedores/src/infraestructura/repositorios/provedor_repository.py'&gt; does not have the attribute 'db_provedores'</failure></testcase><testcase classname="tests.infraestructura.repositorios.test_provedor_repository.TestProvedorRepositoryImpl" name="test_buscar_por_nombre_exitoso" time="0.000"><failure message="AttributeError: &lt;module 'src.infraestructura.repositorios.provedor_repository' from '/Users/felipev9/Documents/andes/MediSupply/medi-supply-back-grupo3/provedores/src/infraestructura/repositorios/provedor_repository.py'&gt; does not have the attribute 'db_provedores'">E   AttributeError: &lt;module 'src.infraestructura.repositorios.provedor_repository' from '/Users/felipev9/Documents/andes/MediSupply/medi-supply-back-grupo3/provedores/src/infraestructura/repositorios/provedor_repository.py'&gt; does not have the attribute 'db_provedores'</failure></testcase><testcase classname="tests.infraestructura.repositorios.test_provedor_repository.TestProvedorRepositoryImpl" name="test_buscar_por_nombre_error" time="0.000"><failure message="AttributeError: &lt;module 'src.infraestructura.repositorios.provedor_repository' from '/Users/felipev9/Documents/andes/MediSupply/medi-supply-back-grupo3/provedores/src/infraestructura/repositorios/provedor_repository.py'&gt; does not have the attribute 'db_provedores'">E   AttributeError: &lt;module 'src.infraestructura.repositorios.provedor_repository' from '/Users/felipev9/Documents/andes/MediSupply/medi-supply-back-grupo3/provedores/src/infraestructura/repositorios/provedor_repository.py'&gt; does not have the attribute 'db_provedores'</failure></testcase><testcase classname="tests.infraestructura.repositorios.test_provedor_repository.TestProvedorRepositoryImpl" name="test_crear_exitoso" time="0.000"><failure message="AttributeError: &lt;module 'src.infraestructura.repositorios.provedor_repository' from '/Users/felipev9/Documents/andes/MediSupply/medi-supply-back-grupo3/provedores/src/infraestructura/repositorios/provedor_repository.py'&gt; does not have the attribute 'db_provedores'">E   AttributeError: &lt;module 'src.infraestructura.repositorios.provedor_repository' from '/Users/felipev9/Documents/andes/MediSupply/medi-supply-back-grupo3/provedores/src/infraestructura/repositorios/provedor_repository.py'&gt; does not have the attribute 'db_provedores'</failure></testcase><testcase classname="tests.infraestructura.repositorios.test_provedor_repository.TestProvedorRepositoryImpl" name="test_crear_error" time="0.000"><failure message="AttributeError: &lt;module 'src.infraestructura.repositorios.provedor_repository' from '/Users/felipev9/Documents/andes/MediSupply/medi-supply-back-grupo3/provedores/src/infraestructura/repositorios/provedor_repository.py'&gt; does not have the attribute 'db_provedores'">E   AttributeError: &lt;module 'src.infraestructura.repositorios.provedor_repository' from '/Users/felipev9/Documents/andes/MediSupply/medi-supply-back-grupo3/provedores/src/infraestructura/repositorios/provedor_repository.py'&gt; does not have the attribute 'db_provedores'</failure></testcase><testcase classname="tests.infraestructura.repositorios.test_provedor_repository.TestProvedorRepositoryImpl" name="test_actualizar_exitoso" time="0.000"><failure message="AttributeError: &lt;module 'src.infraestructura.repositorios.provedor_repository' from '/Users/felipev9/Documents/andes/MediSupply/medi-supply-back-grupo3/provedores/src/infraestructura/repositorios/provedor_repository.py'&gt; does not have the attribute 'db_provedores'">E   AttributeError: &lt;module 'src.infraestructura.repositorios.provedor_repository' from '/Users/felipev9/Documents/andes/MediSupply/medi-supply-back-grupo3/provedores/src/infraestructura/repositorios/provedor_repository.py'&gt; does not have the attribute 'db_provedores'</failure></testcase><testcase classname="tests.infraestructura.repositorios.test_provedor_repository.TestProvedorRepositoryImpl" name="test_actualizar_no_encontrado" time="0.000"><failure message="AttributeError: &lt;module 'src.infraestructura.repositorios.provedor_repository' from '/Users/felipev9/Documents/andes/MediSupply/medi-supply-back-grupo3/provedores/src/infraestructura/repositorios/provedor_repository.py'&gt; does not have the attribute 'db_provedores'">E   AttributeError: &lt;module 'src.infraestructura.repositorios.provedor_repository' from '/Users/felipev9/Documents/andes/MediSupply/medi-supply-back-grupo3/provedores/src/infraestructura/repositorios/provedor_repository.py'&gt; does not have the attribute 'db_provedores'</failure></testcase><testcase classname="tests.infraestructura.repositorios.test_provedor_repository.TestProvedorRepositoryImpl" name="test_eliminar_exitoso" time="0.000"><failure message="AttributeError: &lt;module 'src.infraestructura.repositorios.provedor_repository' from '/Users/felipev9/Documents/andes/MediSupply/medi-supply-back-grupo3/provedores/src/infraestructura/repositorios/provedor_repository.py'&gt; does not have the attribute 'db_provedores'">E   AttributeError: &lt;module 'src.infraestructura.repositorios.provedor_repository' from '/Users/felipev9/Documents/andes/MediSupply/medi-supply-back-grupo3/provedores/src/infraestructura/repositorios/provedor_repository.py'&gt; does not have the attribute 'db_provedores'</failure></testcase><testcase classname="tests.infraestructura.repositorios.test_provedor_repository.TestProvedorRepositoryImpl" name="test_eliminar_no_encontrado" time="0.000"><failure message="AttributeError: &lt;module 'src.infraestructura.repositorios.provedor_repository' from '/Users/felipev9/Documents/andes/MediSupply/medi-supply-back-grupo3/provedores/src/infraestructura/repositorios/provedor_repository.py'&gt; does not have the attribute 'db_provedores'">E   AttributeError: &lt;module 'src.infraestructura.repositorios.provedor_repository' from '/Users/felipev9/Documents/andes/MediSupply/medi-supply-back-grupo3/provedores/src/infraestructura/repositorios/provedor_repository.py'&gt; does not have the attribute 'db_provedores'</failure></testcase><testcase classname="tests.infraestructura.repositorios.test_provedor_repository.TestProvedorRepositoryImpl" name="test_eliminar_error" time="0.000"><failure message="AttributeError: &lt;module 'src.infraestructura.repositorios.provedor_repository' from '/Users/felipev9/Documents/andes/MediSupply/medi-supply-back-grupo3/provedores/src/infraestructura/repositorios/provedor_repository.py'&gt; does not have the attribute 'db_provedores'">E   AttributeError: &lt;module 'src.infraestructura.repositorios.provedor_repository' from '/Users/felipev9/Documents/andes/MediSupply/medi-supply-back-grupo3/provedores/src/infraestructura/repositorios/provedor_repository.py'&gt; does not have the attribute 'db_provedores'</failure></testcase><testcase classname="tests.infraestructura.rutas.test_provedor_routes.TestProvedorRoutes" name="test_create_provedor_routes" time="0.001" /><testcase classname="tests.infraestructura.rutas.test_provedor_routes.TestProvedorRoutes" name="test_obtener_todos_los_provedores" time="0.006" /><testcase classname="tests.infraestructura.rutas.test_provedor_routes.TestProvedorRoutes" name="test_obtener_provedor_por_id" time="0.002" /><testcase classname="tests.infraestructura.rutas.test_provedor_routes.TestProvedorRoutes" name="test_obtener_provedor_por_nit" time="0.002" /><testcase classname="tests.infraestructura.rutas.test_provedor_routes.TestProvedorRoutes" name="test_obtener_provedores_por_pais" time="0.002" /><testcase classname="tests.infraestructura.rutas.test_provedor_routes.TestProvedorRoutes" name="test_buscar_provedores_por_nombre" time="0.003" /><testcase classname="tests.infraestructura.rutas.test_provedor_routes.TestProvedorRoutes" name="test_buscar_provedores_sin_nombre" time="0.003" /><testcase classname="tests.modules.autorizador.aplicacion.servicios.test_auth_service.TestAuthService" name="test_auth_service_init" time="0.001" /><testcase classname="tests.modules.autorizador.aplicacion.servicios.test_auth_service.TestAuthService" name="test_validate_token_valid" time="0.001"><failure message="assert False is True">E   assert False is True</failure></testcase><testcase classname="tests.modules.autorizador.aplicacion.servicios.test_auth_service.TestAuthService" name="test_validate_token_invalid" time="0.000" /><testcase classname="tests.modules.autorizador.aplicacion.servicios.test_auth_service.TestAuthService" name="test_validate_token_none" time="0.000" /><testcase classname="tests.modules.autorizador.aplicacion.servicios.test_auth_service.TestAuthService" name="test_get_token_payload_valid" time="0.000"><failure message="src.modules.autorizador.dominio.exceptions.InvalidTokenError: Error al validar token: Rol 'ADMIN' no es válido">E   src.modules.autorizador.dominio.exceptions.InvalidTokenError: Rol 'ADMIN' no es válido

During handling of the above exception, another exception occurred:
E   src.modules.autorizador.dominio.exceptions.InvalidTokenError: Error al validar token: Rol 'ADMIN' no es válido</failure></testcase><testcase classname="tests.modules.autorizador.aplicacion.servicios.test_auth_service.TestAuthService" name="test_get_token_payload_none" time="0.000" /><testcase classname="tests.modules.autorizador.aplicacion.servicios.test_auth_service.TestAuthService" name="test_get_token_payload_malformed_header" time="0.000" /><testcase classname="tests.modules.autorizador.aplicacion.servicios.test_auth_service.TestAuthService" name="test_authorize_access_public_route" time="0.000" /><testcase classname="tests.modules.autorizador.aplicacion.servicios.test_auth_service.TestAuthService" name="test_authorize_access_internal_request" time="0.001" /><testcase classname="tests.modules.autorizador.aplicacion.servicios.test_auth_service.TestAuthService" name="test_authorize_access_valid_token" time="0.000"><failure message="assert False is True">E   assert False is True</failure></testcase><testcase classname="tests.modules.autorizador.aplicacion.servicios.test_auth_service.TestAuthService" name="test_authorize_access_no_token" time="0.000" /><testcase classname="tests.modules.autorizador.aplicacion.servicios.test_auth_service.TestAuthService" name="test_authorize_access_insufficient_permissions" time="0.000" /><testcase classname="tests.modules.autorizador.aplicacion.servicios.test_auth_service.TestAuthService" name="test_get_user_info_valid" time="0.000"><failure message="src.modules.autorizador.dominio.exceptions.InvalidTokenError: Error al validar token: Rol 'ADMIN' no es válido">E   src.modules.autorizador.dominio.exceptions.InvalidTokenError: Rol 'ADMIN' no es válido

During handling of the above exception, another exception occurred:
E   src.modules.autorizador.dominio.exceptions.InvalidTokenError: Error al validar token: Rol 'ADMIN' no es válido</failure></testcase><testcase classname="tests.modules.autorizador.aplicacion.servicios.test_auth_service.TestAuthService" name="test_get_user_info_invalid" time="0.000" /><testcase classname="tests.modules.autorizador.aplicacion.servicios.test_authorization_service.TestAuthorizationService" name="test_authorization_service_init" time="0.000" /><testcase classname="tests.modules.autorizador.aplicacion.servicios.test_authorization_service.TestAuthorizationService" name="test_validate_token_valid" time="0.000"><failure message="src.modules.autorizador.dominio.exceptions.InvalidTokenError: Error al validar token: Rol 'ADMIN' no es válido">E   src.modules.autorizador.dominio.exceptions.InvalidTokenError: Rol 'ADMIN' no es válido

During handling of the above exception, another exception occurred:
E   src.modules.autorizador.dominio.exceptions.InvalidTokenError: Error al validar token: Rol 'ADMIN' no es válido</failure></testcase><testcase classname="tests.modules.autorizador.aplicacion.servicios.test_authorization_service.TestAuthorizationService" name="test_validate_token_missing" time="0.000" /><testcase classname="tests.modules.autorizador.aplicacion.servicios.test_authorization_service.TestAuthorizationService" name="test_validate_token_invalid" time="0.000" /><testcase classname="tests.modules.autorizador.aplicacion.servicios.test_authorization_service.TestAuthorizationService" name="test_validate_access_valid" time="0.000"><failure message="src.modules.autorizador.dominio.exceptions.InvalidTokenError: Error al validar token: Rol 'ADMIN' no es válido">E   src.modules.autorizador.dominio.exceptions.InvalidTokenError: Rol 'ADMIN' no es válido

During handling of the above exception, another exception occurred:
E   src.modules.autorizador.dominio.exceptions.InvalidTokenError: Error al validar token: Rol 'ADMIN' no es válido</failure></testcase><testcase classname="tests.modules.autorizador.aplicacion.servicios.test_authorization_service.TestAuthorizationService" name="test_validate_access_insufficient_permissions" time="0.000"><failure message="src.modules.autorizador.dominio.exceptions.InvalidTokenError: Error al validar token: Rol 'USER' no es válido">E   src.modules.autorizador.dominio.exceptions.InvalidTokenError: Rol 'USER' no es válido

During handling of the above exception, another exception occurred:
E   src.modules.autorizador.dominio.exceptions.InvalidTokenError: Error al validar token: Rol 'USER' no es válido</failure></testcase><testcase classname="tests.modules.autorizador.aplicacion.servicios.test_authorization_service.TestAuthorizationService" name="test_authorize_request_public_route" time="0.000" /><testcase classname="tests.modules.autorizador.aplicacion.servicios.test_authorization_service.TestAuthorizationService" name="test_authorize_request_valid" time="0.000"><failure message="assert False is True">E   assert False is True</failure></testcase><testcase classname="tests.modules.autorizador.aplicacion.servicios.test_authorization_service.TestAuthorizationService" name="test_authorize_request_denied" time="0.000" /><testcase classname="tests.modules.autorizador.aplicacion.servicios.test_authorization_service.TestAuthorizationService" name="test_authorize_request_insufficient_permissions" time="0.000" /><testcase classname="tests.modules.autorizador.aplicacion.servicios.test_authorization_service.TestAuthorizationService" name="test_is_public_route" time="0.000" /><testcase classname="tests.modules.autorizador.aplicacion.servicios.test_authorization_service.TestAuthorizationService" name="test_get_user_info_valid" time="0.000"><failure message="assert None is not None">E   assert None is not None</failure></testcase><testcase classname="tests.modules.autorizador.aplicacion.servicios.test_authorization_service.TestAuthorizationService" name="test_get_user_info_invalid" time="0.000" /><testcase classname="tests.modules.autorizador.aplicacion.use_cases.test_access_validator.TestAccessValidator" name="test_access_validator_init" time="0.000" /><testcase classname="tests.modules.autorizador.aplicacion.use_cases.test_access_validator.TestAccessValidator" name="test_is_public_route_exact_match" time="0.000" /><testcase classname="tests.modules.autorizador.aplicacion.use_cases.test_access_validator.TestAccessValidator" name="test_is_public_route_prefix_match" time="0.000" /><testcase classname="tests.modules.autorizador.aplicacion.use_cases.test_access_validator.TestAccessValidator" name="test_is_public_route_private" time="0.000" /><testcase classname="tests.modules.autorizador.aplicacion.use_cases.test_access_validator.TestAccessValidator" name="test_is_internal_request_with_headers" time="0.001" /><testcase classname="tests.modules.autorizador.aplicacion.use_cases.test_access_validator.TestAccessValidator" name="test_is_internal_request_without_headers" time="0.001" /><testcase classname="tests.modules.autorizador.aplicacion.use_cases.test_access_validator.TestAccessValidator" name="test_is_internal_request_partial_headers" time="0.001" /><testcase classname="tests.modules.autorizador.aplicacion.use_cases.test_access_validator.TestAccessValidator" name="test_validate_access_public_route" time="0.000" /><testcase classname="tests.modules.autorizador.aplicacion.use_cases.test_access_validator.TestAccessValidator" name="test_validate_access_admin_read" time="0.000" /><testcase classname="tests.modules.autorizador.aplicacion.use_cases.test_access_validator.TestAccessValidator" name="test_validate_access_admin_create" time="0.000" /><testcase classname="tests.modules.autorizador.aplicacion.use_cases.test_access_validator.TestAccessValidator" name="test_validate_access_manager_read" time="0.000" /><testcase classname="tests.modules.autorizador.aplicacion.use_cases.test_access_validator.TestAccessValidator" name="test_validate_access_manager_create" time="0.000" /><testcase classname="tests.modules.autorizador.aplicacion.use_cases.test_access_validator.TestAccessValidator" name="test_validate_access_user_denied" time="0.000" /><testcase classname="tests.modules.autorizador.aplicacion.use_cases.test_access_validator.TestAccessValidator" name="test_validate_access_viewer_denied" time="0.000" /><testcase classname="tests.modules.autorizador.aplicacion.use_cases.test_access_validator.TestAccessValidator" name="test_validate_access_unauthorized_route" time="0.000" /><testcase classname="tests.modules.autorizador.aplicacion.use_cases.test_access_validator.TestAccessValidator" name="test_get_required_permission_exact_route" time="0.000" /><testcase classname="tests.modules.autorizador.aplicacion.use_cases.test_access_validator.TestAccessValidator" name="test_get_required_permission_prefix_route" time="0.000" /><testcase classname="tests.modules.autorizador.aplicacion.use_cases.test_access_validator.TestAccessValidator" name="test_get_required_permission_unauthorized_route" time="0.000" /><testcase classname="tests.modules.autorizador.aplicacion.use_cases.test_access_validator.TestAccessValidator" name="test_get_user_permissions_admin" time="0.000"><failure message="AssertionError: assert 'admin' == 'ADMIN'&#10;  &#10;  - ADMIN&#10;  + admin">E   AssertionError: assert 'admin' == 'ADMIN'
      
      - ADMIN
      + admin</failure></testcase><testcase classname="tests.modules.autorizador.aplicacion.use_cases.test_access_validator.TestAccessValidator" name="test_get_user_permissions_manager" time="0.000"><failure message="AssertionError: assert 'manager' == 'MANAGER'&#10;  &#10;  - MANAGER&#10;  + manager">E   AssertionError: assert 'manager' == 'MANAGER'
      
      - MANAGER
      + manager</failure></testcase><testcase classname="tests.modules.autorizador.aplicacion.use_cases.test_token_validator.TestTokenValidator" name="test_token_validator_init" time="0.000" /><testcase classname="tests.modules.autorizador.aplicacion.use_cases.test_token_validator.TestTokenValidator" name="test_extract_token_from_header_valid" time="0.000" /><testcase classname="tests.modules.autorizador.aplicacion.use_cases.test_token_validator.TestTokenValidator" name="test_extract_token_from_header_none" time="0.000" /><testcase classname="tests.modules.autorizador.aplicacion.use_cases.test_token_validator.TestTokenValidator" name="test_extract_token_from_header_empty" time="0.000" /><testcase classname="tests.modules.autorizador.aplicacion.use_cases.test_token_validator.TestTokenValidator" name="test_extract_token_from_header_no_bearer" time="0.000" /><testcase classname="tests.modules.autorizador.aplicacion.use_cases.test_token_validator.TestTokenValidator" name="test_extract_token_from_header_malformed" time="0.000" /><testcase classname="tests.modules.autorizador.aplicacion.use_cases.test_token_validator.TestTokenValidator" name="test_extract_token_from_header_short_token" time="0.000" /><testcase classname="tests.modules.autorizador.aplicacion.use_cases.test_token_validator.TestTokenValidator" name="test_extract_token_from_header_invalid_jwt_format" time="0.000" /><testcase classname="tests.modules.autorizador.aplicacion.use_cases.test_token_validator.TestTokenValidator" name="test_validate_token_valid" time="0.000"><failure message="src.modules.autorizador.dominio.exceptions.InvalidTokenError: Error al validar token: Rol 'ADMIN' no es válido">E   src.modules.autorizador.dominio.exceptions.InvalidTokenError: Rol 'ADMIN' no es válido

During handling of the above exception, another exception occurred:
E   src.modules.autorizador.dominio.exceptions.InvalidTokenError: Error al validar token: Rol 'ADMIN' no es válido</failure></testcase><testcase classname="tests.modules.autorizador.aplicacion.use_cases.test_token_validator.TestTokenValidator" name="test_validate_token_expired" time="0.000" /><testcase classname="tests.modules.autorizador.aplicacion.use_cases.test_token_validator.TestTokenValidator" name="test_validate_token_invalid_signature" time="0.000" /><testcase classname="tests.modules.autorizador.aplicacion.use_cases.test_token_validator.TestTokenValidator" name="test_validate_token_empty" time="0.000" /><testcase classname="tests.modules.autorizador.aplicacion.use_cases.test_token_validator.TestTokenValidator" name="test_validate_token_none" time="0.000" /><testcase classname="tests.modules.autorizador.aplicacion.use_cases.test_token_validator.TestTokenValidator" name="test_validate_token_missing_fields" time="0.000" /><testcase classname="tests.modules.autorizador.aplicacion.use_cases.test_token_validator.TestTokenValidator" name="test_validate_token_invalid_role" time="0.000" /><testcase classname="tests.modules.autorizador.aplicacion.use_cases.test_token_validator.TestTokenValidator" name="test_validate_payload_structure_valid" time="0.000"><failure message="src.modules.autorizador.dominio.exceptions.InvalidTokenError: Rol 'ADMIN' no es válido">E   src.modules.autorizador.dominio.exceptions.InvalidTokenError: Rol 'ADMIN' no es válido</failure></testcase><testcase classname="tests.modules.autorizador.aplicacion.use_cases.test_token_validator.TestTokenValidator" name="test_validate_payload_structure_missing_user_id" time="0.000" /><testcase classname="tests.modules.autorizador.aplicacion.use_cases.test_token_validator.TestTokenValidator" name="test_validate_payload_structure_missing_role" time="0.000" /><testcase classname="tests.modules.autorizador.aplicacion.use_cases.test_token_validator.TestTokenValidator" name="test_validate_payload_structure_missing_exp" time="0.000" /><testcase classname="tests.modules.autorizador.aplicacion.use_cases.test_token_validator.TestTokenValidator" name="test_validate_payload_structure_invalid_user_id_type" time="0.000" /><testcase classname="tests.modules.autorizador.aplicacion.use_cases.test_token_validator.TestTokenValidator" name="test_validate_payload_structure_invalid_exp_type" time="0.000" /><testcase classname="tests.modules.autorizador.dominio.exceptions.test_exceptions.TestAuthorizationError" name="test_authorization_error_base" time="0.000" /><testcase classname="tests.modules.autorizador.dominio.exceptions.test_exceptions.TestInvalidTokenError" name="test_invalid_token_error_default" time="0.000" /><testcase classname="tests.modules.autorizador.dominio.exceptions.test_exceptions.TestInvalidTokenError" name="test_invalid_token_error_custom" time="0.000" /><testcase classname="tests.modules.autorizador.dominio.exceptions.test_exceptions.TestInvalidTokenError" name="test_invalid_token_error_raise" time="0.000" /><testcase classname="tests.modules.autorizador.dominio.exceptions.test_exceptions.TestExpiredTokenError" name="test_expired_token_error_default" time="0.000" /><testcase classname="tests.modules.autorizador.dominio.exceptions.test_exceptions.TestExpiredTokenError" name="test_expired_token_error_custom" time="0.000" /><testcase classname="tests.modules.autorizador.dominio.exceptions.test_exceptions.TestExpiredTokenError" name="test_expired_token_error_raise" time="0.000" /><testcase classname="tests.modules.autorizador.dominio.exceptions.test_exceptions.TestInsufficientPermissionsError" name="test_insufficient_permissions_error_default" time="0.000" /><testcase classname="tests.modules.autorizador.dominio.exceptions.test_exceptions.TestInsufficientPermissionsError" name="test_insufficient_permissions_error_custom" time="0.000" /><testcase classname="tests.modules.autorizador.dominio.exceptions.test_exceptions.TestInsufficientPermissionsError" name="test_insufficient_permissions_error_raise" time="0.000" /><testcase classname="tests.modules.autorizador.dominio.exceptions.test_exceptions.TestMissingTokenError" name="test_missing_token_error_default" time="0.000" /><testcase classname="tests.modules.autorizador.dominio.exceptions.test_exceptions.TestMissingTokenError" name="test_missing_token_error_custom" time="0.000" /><testcase classname="tests.modules.autorizador.dominio.exceptions.test_exceptions.TestMissingTokenError" name="test_missing_token_error_raise" time="0.000" /><testcase classname="tests.modules.autorizador.dominio.exceptions.test_exceptions.TestExceptionHierarchy" name="test_all_exceptions_inherit_from_authorization_error" time="0.000" /><testcase classname="tests.modules.autorizador.dominio.exceptions.test_exceptions.TestExceptionHierarchy" name="test_all_exceptions_inherit_from_exception" time="0.000" /><testcase classname="tests.modules.autorizador.infraestructura.middleware.test_authorization_middleware.TestAuthorizationMiddleware" name="test_middleware_init" time="0.000" /><testcase classname="tests.modules.autorizador.infraestructura.middleware.test_authorization_middleware.TestAuthorizationMiddleware" name="test_before_request_options" time="0.001" /><testcase classname="tests.modules.autorizador.infraestructura.middleware.test_authorization_middleware.TestAuthorizationMiddleware" name="test_before_request_public_route" time="0.001" /><testcase classname="tests.modules.autorizador.infraestructura.middleware.test_authorization_middleware.TestAuthorizationMiddleware" name="test_before_request_authorized" time="0.001"><failure message="assert (&lt;Response 272 bytes [200 OK]&gt;, 401) is None">E   assert (&lt;Response 272 bytes [200 OK]&gt;, 401) is None</failure></testcase><testcase classname="tests.modules.autorizador.infraestructura.middleware.test_authorization_middleware.TestAuthorizationMiddleware" name="test_before_request_unauthorized" time="0.001" /><testcase classname="tests.modules.autorizador.infraestructura.middleware.test_authorization_middleware.TestAuthorizationMiddleware" name="test_before_request_invalid_token" time="0.001" /><testcase classname="tests.modules.autorizador.infraestructura.middleware.test_authorization_middleware.TestAuthorizationMiddleware" name="test_create_authorization_middleware_valid" time="0.001" /><testcase classname="tests.modules.autorizador.infraestructura.middleware.test_authorization_middleware.TestAuthorizationMiddleware" name="test_create_authorization_middleware_short_secret" time="0.000" /><testcase classname="tests.modules.autorizador.infraestructura.middleware.test_authorization_middleware.TestAuthorizationMiddleware" name="test_create_authorization_middleware_empty_secret" time="0.000" /><testcase classname="tests.modules.autorizador.infraestructura.middleware.test_authorization_middleware.TestAuthorizationMiddleware" name="test_create_authorization_middleware_none_secret" time="0.000" /><testcase classname="tests.modules.autorizador.infraestructura.middleware.test_authorization_middleware.TestAuthorizationMiddleware" name="test_create_authorization_middleware_registers_before_request" time="0.001" /><testcase classname="tests.test_main.TestMain" name="test_setup_logging" time="0.000" /><testcase classname="tests.test_main.TestMain" name="test_setup_logging_debug" time="0.000" /><testcase classname="tests.test_main.TestMain" name="test_create_application_success" time="0.001" /><testcase classname="tests.test_main.TestMain" name="test_create_application_failure" time="0.001" /><testcase classname="tests.test_main.TestMain" name="test_setup_logging_with_handlers" time="0.001" /><testcase classname="tests.test_main.TestMain" name="test_create_application_logs_success" time="0.001" /><testcase classname="tests.test_main.TestMain" name="test_create_application_logs_error" time="0.001" /><testcase classname="tests.test_main.TestMain" name="test_main_block_execution" time="0.001" /><testcase classname="tests.test_main.TestMain" name="test_main_module_execution" time="0.003" /><testcase classname="tests.test_main.TestMain" name="test_main_block_code_coverage" time="0.001" /></testsuite></testsuites>