<?xml version="1.0" encoding="utf-8"?><testsuites name="pytest tests"><testsuite name="pytest" errors="0" failures="0" skipped="0" tests="157" time="0.864" timestamp="2025-11-23T15:08:04.539581-05:00" hostname="Gabriels-Mac-mini.local"><testcase classname="gateway.tests.config.test_config.TestDatabaseConfig" name="test_db_initialization" time="0.262" /><testcase classname="gateway.tests.config.test_config.TestDatabaseConfig" name="test_db_instance" time="0.000" /><testcase classname="gateway.tests.config.test_config.TestDatabaseConfig" name="test_init_db_with_app" time="0.001" /><testcase classname="gateway.tests.config.test_config.TestDatabaseConfig" name="test_init_db_multiple_calls" time="0.001" /><testcase classname="gateway.tests.config.test_config.TestDatabaseConfig" name="test_db_session_creation" time="0.001" /><testcase classname="gateway.tests.config.test_config.TestDatabaseConfig" name="test_db_model_base" time="0.001" /><testcase classname="gateway.tests.config.test_config.TestDatabaseConfig" name="test_db_column_base" time="0.001" /><testcase classname="gateway.tests.config.test_config_class.TestConfig" name="test_config_initialization" time="0.001" /><testcase classname="gateway.tests.config.test_config_class.TestConfig" name="test_create_app" time="0.003" /><testcase classname="gateway.tests.config.test_config_class.TestConfig" name="test_configure_app" time="0.001" /><testcase classname="gateway.tests.config.test_config_class.TestConfig" name="test_configure_cors" time="0.001" /><testcase classname="gateway.tests.config.test_config_class.TestConfig" name="test_configure_db" time="0.001" /><testcase classname="gateway.tests.config.test_config_class.TestConfig" name="test_configure_request_logging" time="0.001" /><testcase classname="gateway.tests.config.test_config_class.TestConfig" name="test_configure_external_services" time="0.001" /><testcase classname="gateway.tests.config.test_config_class.TestConfig" name="test_setup_dependencies" time="0.002" /><testcase classname="gateway.tests.config.test_config_class.TestConfig" name="test_register_routes" time="0.002" /><testcase classname="gateway.tests.config.test_config_class.TestConfig" name="test_get_app" time="0.001" /><testcase classname="gateway.tests.config.test_config_class.TestConfig" name="test_get_app_none" time="0.000" /><testcase classname="gateway.tests.config.test_config_class.TestConfig" name="test_root_route" time="0.006" /><testcase classname="gateway.tests.modules.autenticador.aplicacion.dtos.test_auth_dtos.TestSessionDto" name="test_session_dto_creation" time="0.001" /><testcase classname="gateway.tests.modules.autenticador.aplicacion.dtos.test_auth_dtos.TestSessionDto" name="test_session_dto_immutable" time="0.000" /><testcase classname="gateway.tests.modules.autenticador.aplicacion.dtos.test_auth_dtos.TestUserDto" name="test_user_dto_creation" time="0.000" /><testcase classname="gateway.tests.modules.autenticador.aplicacion.dtos.test_auth_dtos.TestUserDto" name="test_user_dto_admin_role" time="0.000" /><testcase classname="gateway.tests.modules.autenticador.aplicacion.dtos.test_auth_dtos.TestUserDto" name="test_user_dto_role_enum" time="0.000" /><testcase classname="gateway.tests.modules.autenticador.aplicacion.dtos.test_auth_dtos.TestUserDto" name="test_user_dto_immutable" time="0.000" /><testcase classname="gateway.tests.modules.autenticador.aplicacion.mappers.test_auth_mappers.TestSessionMapper" name="test_session_mapper_entity_to_dto" time="0.000" /><testcase classname="gateway.tests.modules.autenticador.aplicacion.mappers.test_auth_mappers.TestSessionMapper" name="test_session_mapper_dto_to_entity" time="0.000" /><testcase classname="gateway.tests.modules.autenticador.aplicacion.mappers.test_auth_mappers.TestSessionMapper" name="test_session_mapper_dto_to_json" time="0.000" /><testcase classname="gateway.tests.modules.autenticador.aplicacion.mappers.test_auth_mappers.TestSessionMapper" name="test_session_mapper_json_to_dto" time="0.000" /><testcase classname="gateway.tests.modules.autenticador.aplicacion.mappers.test_auth_mappers.TestUserMapper" name="test_user_mapper_entity_to_dto" time="0.000" /><testcase classname="gateway.tests.modules.autenticador.aplicacion.mappers.test_auth_mappers.TestUserMapper" name="test_user_mapper_dto_to_entity" time="0.000" /><testcase classname="gateway.tests.modules.autenticador.aplicacion.mappers.test_auth_mappers.TestUserMapper" name="test_user_mapper_role_conversion" time="0.000" /><testcase classname="gateway.tests.modules.autenticador.aplicacion.mappers.test_auth_mappers.TestUserMapper" name="test_user_mapper_json_to_dto" time="0.000" /><testcase classname="gateway.tests.modules.autenticador.aplicacion.mappers.test_auth_mappers.TestUserMapper" name="test_user_mapper_dto_to_json" time="0.000" /><testcase classname="gateway.tests.modules.autenticador.aplicacion.mappers.test_auth_mappers.TestUserMapper" name="test_user_mapper_entity_to_json_safe" time="0.000" /><testcase classname="gateway.tests.modules.autenticador.aplicacion.mappers.test_auth_mappers.TestUserMapper" name="test_user_mapper_infrastructure_to_domain" time="0.000" /><testcase classname="gateway.tests.modules.autenticador.aplicacion.mappers.test_auth_mappers.TestUserMapper" name="test_user_mapper_domain_to_infrastructure" time="0.001" /><testcase classname="gateway.tests.modules.autenticador.aplicacion.servicios.test_auth_service.TestAuthService" name="test_auth_service_initialization" time="0.000" /><testcase classname="gateway.tests.modules.autenticador.aplicacion.servicios.test_auth_service.TestAuthService" name="test_auth_service_login" time="0.000" /><testcase classname="gateway.tests.modules.autenticador.aplicacion.servicios.test_auth_service.TestAuthService" name="test_auth_service_login_failure" time="0.000" /><testcase classname="gateway.tests.modules.autenticador.aplicacion.servicios.test_auth_service.TestAuthService" name="test_auth_service_signup" time="0.000" /><testcase classname="gateway.tests.modules.autenticador.aplicacion.servicios.test_auth_service.TestAuthService" name="test_auth_service_signup_default_role" time="0.000" /><testcase classname="gateway.tests.modules.autenticador.aplicacion.servicios.test_auth_service.TestAuthService" name="test_auth_service_signup_failure" time="0.000" /><testcase classname="gateway.tests.modules.autenticador.aplicacion.servicios.test_auth_service.TestAuthService" name="test_auth_service_signout" time="0.000" /><testcase classname="gateway.tests.modules.autenticador.aplicacion.servicios.test_auth_service.TestAuthService" name="test_auth_service_signout_failure" time="0.000" /><testcase classname="gateway.tests.modules.autenticador.aplicacion.servicios.test_auth_service.TestAuthService" name="test_auth_service_get_current_user_success" time="0.000" /><testcase classname="gateway.tests.modules.autenticador.aplicacion.servicios.test_auth_service.TestAuthService" name="test_auth_service_get_current_user_expired_token" time="0.000" /><testcase classname="gateway.tests.modules.autenticador.aplicacion.servicios.test_auth_service.TestAuthService" name="test_auth_service_get_current_user_invalid_token" time="0.000" /><testcase classname="gateway.tests.modules.autenticador.aplicacion.servicios.test_auth_service.TestAuthService" name="test_auth_service_get_current_user_no_user_id" time="0.000" /><testcase classname="gateway.tests.modules.autenticador.aplicacion.servicios.test_auth_service.TestAuthService" name="test_auth_service_get_current_user_not_found" time="0.001" /><testcase classname="gateway.tests.modules.autenticador.aplicacion.use_cases.test_auth_use_cases.TestAuthUseCase" name="test_auth_use_case_initialization" time="0.000" /><testcase classname="gateway.tests.modules.autenticador.aplicacion.use_cases.test_auth_use_cases.TestAuthUseCase" name="test_auth_use_case_login" time="0.000" /><testcase classname="gateway.tests.modules.autenticador.aplicacion.use_cases.test_auth_use_cases.TestAuthUseCase" name="test_auth_use_case_signup" time="0.000" /><testcase classname="gateway.tests.modules.autenticador.aplicacion.use_cases.test_auth_use_cases.TestAuthUseCase" name="test_auth_use_case_signout" time="0.000" /><testcase classname="gateway.tests.modules.autenticador.aplicacion.use_cases.test_auth_use_cases.TestAuthUseCase" name="test_auth_use_case_get_current_user" time="0.000" /><testcase classname="gateway.tests.modules.autenticador.aplicacion.use_cases.test_auth_use_cases.TestAuthUseCase" name="test_auth_use_case_get_current_user_not_found" time="0.000" /><testcase classname="gateway.tests.modules.autenticador.dominio.entities.test_auth_entities.TestUserEntity" name="test_user_entity_creation" time="0.002" /><testcase classname="gateway.tests.modules.autenticador.dominio.entities.test_auth_entities.TestUserEntity" name="test_user_entity_to_dict" time="0.001" /><testcase classname="gateway.tests.modules.autenticador.dominio.entities.test_auth_entities.TestUserEntity" name="test_user_entity_admin_role" time="0.002" /><testcase classname="gateway.tests.modules.autenticador.dominio.entities.test_auth_entities.TestUserEntity" name="test_user_entity_role_enum" time="0.001" /><testcase classname="gateway.tests.modules.autenticador.dominio.entities.test_auth_entities.TestSessionEntity" name="test_session_entity_creation" time="0.001" /><testcase classname="gateway.tests.modules.autenticador.dominio.entities.test_auth_entities.TestSessionEntity" name="test_session_entity_to_dict" time="0.001" /><testcase classname="gateway.tests.modules.autenticador.dominio.entities.test_auth_entities.TestSessionEntity" name="test_session_entity_immutable" time="0.001" /><testcase classname="gateway.tests.modules.autenticador.infraestructura.cmd.test_auth_cmd.TestAuthCmd" name="test_auth_cmd_initialization" time="0.001" /><testcase classname="gateway.tests.modules.autenticador.infraestructura.cmd.test_auth_cmd.TestAuthCmd" name="test_auth_cmd_login_success" time="0.001" /><testcase classname="gateway.tests.modules.autenticador.infraestructura.cmd.test_auth_cmd.TestAuthCmd" name="test_auth_cmd_login_user_not_found" time="0.001" /><testcase classname="gateway.tests.modules.autenticador.infraestructura.cmd.test_auth_cmd.TestAuthCmd" name="test_auth_cmd_login_invalid_credentials" time="0.001" /><testcase classname="gateway.tests.modules.autenticador.infraestructura.cmd.test_auth_cmd.TestAuthCmd" name="test_auth_cmd_login_no_session" time="0.001" /><testcase classname="gateway.tests.modules.autenticador.infraestructura.cmd.test_auth_cmd.TestAuthCmd" name="test_auth_cmd_login_exception" time="0.001" /><testcase classname="gateway.tests.modules.autenticador.infraestructura.cmd.test_auth_cmd.TestAuthCmd" name="test_auth_cmd_signup_success" time="0.001" /><testcase classname="gateway.tests.modules.autenticador.infraestructura.cmd.test_auth_cmd.TestAuthCmd" name="test_auth_cmd_signup_user_exists" time="0.001" /><testcase classname="gateway.tests.modules.autenticador.infraestructura.cmd.test_auth_cmd.TestAuthCmd" name="test_auth_cmd_signup_no_session" time="0.001" /><testcase classname="gateway.tests.modules.autenticador.infraestructura.cmd.test_auth_cmd.TestAuthCmd" name="test_auth_cmd_signup_exception" time="0.001" /><testcase classname="gateway.tests.modules.autenticador.infraestructura.cmd.test_auth_cmd.TestAuthCmd" name="test_auth_cmd_signout_success" time="0.001" /><testcase classname="gateway.tests.modules.autenticador.infraestructura.cmd.test_auth_cmd.TestAuthCmd" name="test_auth_cmd_signout_exception" time="0.001" /><testcase classname="gateway.tests.modules.autenticador.infraestructura.cmd.test_auth_cmd.TestAuthCmd" name="test_auth_cmd_get_me_success" time="0.001" /><testcase classname="gateway.tests.modules.autenticador.infraestructura.cmd.test_auth_cmd.TestAuthCmd" name="test_auth_cmd_get_me_no_authorization_header" time="0.001" /><testcase classname="gateway.tests.modules.autenticador.infraestructura.cmd.test_auth_cmd.TestAuthCmd" name="test_auth_cmd_get_me_invalid_token_format" time="0.001" /><testcase classname="gateway.tests.modules.autenticador.infraestructura.cmd.test_auth_cmd.TestAuthCmd" name="test_auth_cmd_get_me_invalid_token" time="0.001" /><testcase classname="gateway.tests.modules.autenticador.infraestructura.cmd.test_auth_cmd.TestAuthCmd" name="test_auth_cmd_get_me_exception" time="0.001" /><testcase classname="gateway.tests.modules.autenticador.infraestructura.repositorios.test_auth_repository.TestAuthRepositoryImpl" name="test_auth_repository_initialization" time="0.000" /><testcase classname="gateway.tests.modules.autenticador.infraestructura.repositorios.test_auth_repository.TestAuthRepositoryImpl" name="test_auth_repository_login_success" time="0.001" /><testcase classname="gateway.tests.modules.autenticador.infraestructura.repositorios.test_auth_repository.TestAuthRepositoryImpl" name="test_auth_repository_login_admin_role" time="0.001" /><testcase classname="gateway.tests.modules.autenticador.infraestructura.repositorios.test_auth_repository.TestAuthRepositoryImpl" name="test_auth_repository_login_wrong_password" time="0.001" /><testcase classname="gateway.tests.modules.autenticador.infraestructura.repositorios.test_auth_repository.TestAuthRepositoryImpl" name="test_auth_repository_login_user_not_found" time="0.001" /><testcase classname="gateway.tests.modules.autenticador.infraestructura.repositorios.test_auth_repository.TestAuthRepositoryImpl" name="test_auth_repository_signup_success" time="0.002" /><testcase classname="gateway.tests.modules.autenticador.infraestructura.repositorios.test_auth_repository.TestAuthRepositoryImpl" name="test_auth_repository_signup_user_exists" time="0.001" /><testcase classname="gateway.tests.modules.autenticador.infraestructura.repositorios.test_auth_repository.TestAuthRepositoryImpl" name="test_auth_repository_signup_admin_role" time="0.001" /><testcase classname="gateway.tests.modules.autenticador.infraestructura.repositorios.test_auth_repository.TestAuthRepositoryImpl" name="test_auth_repository_signout" time="0.000" /><testcase classname="gateway.tests.modules.autenticador.infraestructura.repositorios.test_auth_repository.TestAuthRepositoryImpl" name="test_auth_repository_login_exception" time="0.000" /><testcase classname="gateway.tests.modules.autenticador.infraestructura.repositorios.test_auth_repository.TestAuthRepositoryImpl" name="test_auth_repository_signup_exception" time="0.001" /><testcase classname="gateway.tests.modules.autenticador.infraestructura.repositorios.test_auth_repository.TestAuthRepositoryImpl" name="test_auth_repository_get_user_by_id_success" time="0.001" /><testcase classname="gateway.tests.modules.autenticador.infraestructura.repositorios.test_auth_repository.TestAuthRepositoryImpl" name="test_auth_repository_get_user_by_id_not_found" time="0.001" /><testcase classname="gateway.tests.modules.autenticador.infraestructura.repositorios.test_auth_repository.TestAuthRepositoryImpl" name="test_auth_repository_get_user_by_id_exception" time="0.000" /><testcase classname="gateway.tests.modules.autenticador.infraestructura.rutas.test_auth_routes.TestAuthRoutes" name="test_signup_endpoint_success" time="0.002" /><testcase classname="gateway.tests.modules.autenticador.infraestructura.rutas.test_auth_routes.TestAuthRoutes" name="test_signup_endpoint_without_role" time="0.002" /><testcase classname="gateway.tests.modules.autenticador.infraestructura.rutas.test_auth_routes.TestAuthRoutes" name="test_signup_endpoint_with_admin_role" time="0.002" /><testcase classname="gateway.tests.modules.autenticador.infraestructura.rutas.test_auth_routes.TestAuthRoutes" name="test_signup_endpoint_missing_data" time="0.002" /><testcase classname="gateway.tests.modules.autenticador.infraestructura.rutas.test_auth_routes.TestAuthRoutes" name="test_signup_endpoint_server_error" time="0.002" /><testcase classname="gateway.tests.modules.autenticador.infraestructura.rutas.test_auth_routes.TestAuthRoutes" name="test_login_endpoint_success" time="0.002" /><testcase classname="gateway.tests.modules.autenticador.infraestructura.rutas.test_auth_routes.TestAuthRoutes" name="test_signout_endpoint_success" time="0.002" /><testcase classname="gateway.tests.modules.autenticador.infraestructura.rutas.test_auth_routes.TestAuthRoutes" name="test_signup_endpoint_invalid_json" time="0.002" /><testcase classname="gateway.tests.modules.autenticador.infraestructura.rutas.test_auth_routes.TestAuthRoutes" name="test_get_me_endpoint_success" time="0.002" /><testcase classname="gateway.tests.modules.autenticador.infraestructura.rutas.test_auth_routes.TestAuthRoutes" name="test_get_me_endpoint_no_authorization" time="0.001" /><testcase classname="gateway.tests.modules.autenticador.infraestructura.rutas.test_auth_routes.TestAuthRoutes" name="test_get_me_endpoint_invalid_token" time="0.002" /><testcase classname="gateway.tests.modules.autenticador.infraestructura.rutas.test_auth_routes.TestAuthRoutes" name="test_get_me_endpoint_invalid_format" time="0.002" /><testcase classname="gateway.tests.modules.health.aplicacion.dtos.test_health_dtos.TestHealthDto" name="test_health_dto_creation" time="0.003" /><testcase classname="gateway.tests.modules.health.aplicacion.dtos.test_health_dtos.TestHealthDto" name="test_health_dto_unhealthy" time="0.000" /><testcase classname="gateway.tests.modules.health.aplicacion.dtos.test_health_dtos.TestHealthDto" name="test_health_dto_immutable" time="0.000" /><testcase classname="gateway.tests.modules.health.aplicacion.mappers.test_health_mappers.TestHealthMapper" name="test_health_mapper_entity_to_dto" time="0.001" /><testcase classname="gateway.tests.modules.health.aplicacion.mappers.test_health_mappers.TestHealthMapper" name="test_health_mapper_dto_to_entity" time="0.000" /><testcase classname="gateway.tests.modules.health.aplicacion.mappers.test_health_mappers.TestHealthMapper" name="test_health_mapper_dto_to_json" time="0.000" /><testcase classname="gateway.tests.modules.health.aplicacion.mappers.test_health_mappers.TestHealthMapper" name="test_health_mapper_json_to_dto" time="0.000" /><testcase classname="gateway.tests.modules.health.aplicacion.servicios.test_health_service.TestHealthService" name="test_health_service_initialization" time="0.000" /><testcase classname="gateway.tests.modules.health.aplicacion.servicios.test_health_service.TestHealthService" name="test_health_service_get_health_success" time="0.000" /><testcase classname="gateway.tests.modules.health.aplicacion.servicios.test_health_service.TestHealthService" name="test_health_service_get_health_exception" time="0.001" /><testcase classname="gateway.tests.modules.health.aplicacion.servicios.test_health_service.TestHealthService" name="test_health_service_get_health_custom_version" time="0.000" /><testcase classname="gateway.tests.modules.health.aplicacion.servicios.test_health_service.TestHealthService" name="test_health_service_get_health_exception_with_version" time="0.000" /><testcase classname="gateway.tests.modules.health.aplicacion.servicios.test_health_service.TestHealthService" name="test_health_service_repository_not_used" time="0.000" /><testcase classname="gateway.tests.modules.health.aplicacion.use_cases.test_health_use_cases.TestHealthUseCase" name="test_health_use_case_initialization" time="0.000" /><testcase classname="gateway.tests.modules.health.aplicacion.use_cases.test_health_use_cases.TestHealthUseCase" name="test_health_use_case_get_health" time="0.000" /><testcase classname="gateway.tests.modules.health.dominio.entities.test_health_entities.TestHealthEntity" name="test_health_entity_creation" time="0.000" /><testcase classname="gateway.tests.modules.health.dominio.entities.test_health_entities.TestHealthEntity" name="test_health_entity_to_dict" time="0.000" /><testcase classname="gateway.tests.modules.health.dominio.entities.test_health_entities.TestHealthEntity" name="test_health_healthy_factory" time="0.000" /><testcase classname="gateway.tests.modules.health.dominio.entities.test_health_entities.TestHealthEntity" name="test_health_unhealthy_factory" time="0.000" /><testcase classname="gateway.tests.modules.health.dominio.entities.test_health_entities.TestHealthEntity" name="test_health_default_version" time="0.000" /><testcase classname="gateway.tests.modules.health.dominio.entities.test_health_entities.TestHealthEntity" name="test_health_immutable" time="0.000" /><testcase classname="gateway.tests.modules.health.dominio.entities.test_health_entities.TestHealthEntity" name="test_health_different_statuses" time="0.000" /><testcase classname="gateway.tests.modules.health.infraestructura.cmd.test_health_cmd.TestHealthCmd" name="test_health_cmd_initialization" time="0.000" /><testcase classname="gateway.tests.modules.health.infraestructura.cmd.test_health_cmd.TestHealthCmd" name="test_health_cmd_get_health_success" time="0.000" /><testcase classname="gateway.tests.modules.health.infraestructura.cmd.test_health_cmd.TestHealthCmd" name="test_health_cmd_get_health_exception" time="0.000" /><testcase classname="gateway.tests.modules.health.infraestructura.repositorios.test_health_repository.TestHealthRepository" name="test_health_repository_initialization" time="0.001" /><testcase classname="gateway.tests.modules.health.infraestructura.repositorios.test_health_repository.TestHealthRepository" name="test_health_repository_get_health" time="0.000" /><testcase classname="gateway.tests.modules.health.infraestructura.repositorios.test_health_repository.TestHealthRepository" name="test_health_repository_get_health_exception" time="0.000" /><testcase classname="gateway.tests.modules.health.infraestructura.rutas.test_health_routes.TestHealthRoutes" name="test_health_endpoint_success" time="0.002" /><testcase classname="gateway.tests.modules.health.infraestructura.rutas.test_health_routes.TestHealthRoutes" name="test_health_endpoint_unhealthy" time="0.002" /><testcase classname="gateway.tests.modules.productos.infraestructura.rutas.test_producto_routes.TestProductoRoutes" name="test_obtener_todos_los_productos_success" time="0.002" /><testcase classname="gateway.tests.modules.productos.infraestructura.rutas.test_producto_routes.TestProductoRoutes" name="test_obtener_producto_por_id_success" time="0.002" /><testcase classname="gateway.tests.modules.productos.infraestructura.rutas.test_producto_routes.TestProductoRoutes" name="test_obtener_todos_los_productos_with_authorization" time="0.001" /><testcase classname="gateway.tests.modules.productos.infraestructura.rutas.test_producto_routes.TestProductoRoutes" name="test_obtener_producto_por_id_with_authorization" time="0.002" /><testcase classname="gateway.tests.modules.productos.infraestructura.rutas.test_producto_routes.TestProductoRoutes" name="test_obtener_todos_los_productos_request_exception" time="0.001" /><testcase classname="gateway.tests.modules.productos.infraestructura.rutas.test_producto_routes.TestProductoRoutes" name="test_obtener_producto_por_id_request_exception" time="0.002" /><testcase classname="gateway.tests.modules.productos.infraestructura.rutas.test_producto_routes.TestProductoRoutes" name="test_productos_service_url_from_env_default" time="0.001" /><testcase classname="gateway.tests.modules.productos.infraestructura.rutas.test_producto_routes.TestProductoRoutes" name="test_productos_service_url_from_env" time="0.001" /><testcase classname="gateway.tests.modules.provedores.infraestructura.rutas.test_provedores_routes.TestProvedoresRoutes" name="test_obtener_todos_los_provedores_success" time="0.002" /><testcase classname="gateway.tests.modules.provedores.infraestructura.rutas.test_provedores_routes.TestProvedoresRoutes" name="test_obtener_provedor_por_id_success" time="0.002" /><testcase classname="gateway.tests.modules.provedores.infraestructura.rutas.test_provedores_routes.TestProvedoresRoutes" name="test_obtener_todos_los_provedores_request_exception" time="0.002" /><testcase classname="gateway.tests.modules.provedores.infraestructura.rutas.test_provedores_routes.TestProvedoresRoutes" name="test_obtener_provedor_por_id_request_exception" time="0.002" /><testcase classname="gateway.tests.modules.provedores.infraestructura.rutas.test_provedores_routes.TestProvedoresRoutes" name="test_obtener_todos_los_provedores_with_headers" time="0.002" /><testcase classname="gateway.tests.modules.provedores.infraestructura.rutas.test_provedores_routes.TestProvedoresRoutes" name="test_provedores_service_url_from_env" time="0.001" /><testcase classname="gateway.tests.modules.provedores.infraestructura.rutas.test_provedores_routes.TestProvedoresRoutes" name="test_provedores_service_url_default" time="0.001" /><testcase classname="gateway.tests.test_main.TestMain" name="test_create_application_success" time="0.008" /><testcase classname="gateway.tests.test_main.TestMain" name="test_create_application_exception" time="0.001" /><testcase classname="gateway.tests.test_main.TestMain" name="test_setup_logging" time="0.001" /><testcase classname="gateway.tests.test_main.TestMain" name="test_setup_logging_default_level" time="0.001" /><testcase classname="gateway.tests.test_main.TestMain" name="test_main_app_creation" time="0.000" /><testcase classname="gateway.tests.test_main.TestMain" name="test_main_block_code_coverage" time="0.001" /></testsuite></testsuites>