<?xml version="1.0" encoding="utf-8"?><testsuites name="pytest tests"><testsuite name="pytest" errors="0" failures="0" skipped="0" tests="165" time="0.647" timestamp="2025-11-23T14:49:00.636387-05:00" hostname="Gabriels-Mac-mini.local"><testcase classname="tests.aplicacion.dtos.test_cliente_dtos.TestClienteDto" name="test_cliente_dto_creation" time="0.000" /><testcase classname="tests.aplicacion.dtos.test_cliente_dtos.TestClienteDto" name="test_cliente_dto_immutable" time="0.000" /><testcase classname="tests.aplicacion.dtos.test_cliente_dtos.TestClienteDto" name="test_cliente_dto_different_types" time="0.000" /><testcase classname="tests.aplicacion.dtos.test_cliente_dtos.TestClienteDto" name="test_cliente_dto_email_format" time="0.000" /><testcase classname="tests.aplicacion.dtos.test_cliente_dtos.TestClienteDto" name="test_cliente_dto_nit_format" time="0.000" /><testcase classname="tests.aplicacion.dtos.test_cliente_dtos.TestClienteDto" name="test_cliente_dto_telefono_format" time="0.000" /><testcase classname="tests.aplicacion.mappers.test_cliente_mapper.TestClienteMapper" name="test_json_to_dto" time="0.000" /><testcase classname="tests.aplicacion.mappers.test_cliente_mapper.TestClienteMapper" name="test_json_to_dto_generates_id" time="0.000" /><testcase classname="tests.aplicacion.mappers.test_cliente_mapper.TestClienteMapper" name="test_dto_to_json" time="0.000" /><testcase classname="tests.aplicacion.mappers.test_cliente_mapper.TestClienteMapper" name="test_dto_to_entity" time="0.000" /><testcase classname="tests.aplicacion.mappers.test_cliente_mapper.TestClienteMapper" name="test_entity_to_dto" time="0.000" /><testcase classname="tests.aplicacion.mappers.test_cliente_mapper.TestClienteMapper" name="test_round_trip_mapping" time="0.000" /><testcase classname="tests.aplicacion.servicios.test_cliente_service.TestClienteService" name="test_obtener_todos_los_clientes" time="0.001" /><testcase classname="tests.aplicacion.servicios.test_cliente_service.TestClienteService" name="test_obtener_cliente_por_id" time="0.000" /><testcase classname="tests.aplicacion.servicios.test_cliente_service.TestClienteService" name="test_obtener_cliente_por_id_no_encontrado" time="0.000" /><testcase classname="tests.aplicacion.servicios.test_cliente_service.TestClienteService" name="test_obtener_clientes_por_categoria" time="0.001" /><testcase classname="tests.aplicacion.servicios.test_cliente_service.TestClienteService" name="test_buscar_clientes_por_nombre" time="0.000" /><testcase classname="tests.aplicacion.servicios.test_cliente_service.TestClienteService" name="test_crear_cliente" time="0.001" /><testcase classname="tests.aplicacion.servicios.test_cliente_service.TestClienteService" name="test_obtener_clientes_por_categoria_with_value_error" time="0.000" /><testcase classname="tests.aplicacion.use_cases.test_cliente_use_case.TestClienteUseCase" name="test_obtener_todos_los_clientes" time="0.001" /><testcase classname="tests.aplicacion.use_cases.test_cliente_use_case.TestClienteUseCase" name="test_obtener_cliente_por_id" time="0.000" /><testcase classname="tests.aplicacion.use_cases.test_cliente_use_case.TestClienteUseCase" name="test_obtener_clientes_por_categoria" time="0.000" /><testcase classname="tests.aplicacion.use_cases.test_cliente_use_case.TestClienteUseCase" name="test_buscar_clientes_por_nombre" time="0.000" /><testcase classname="tests.aplicacion.use_cases.test_cliente_use_case.TestClienteUseCase" name="test_crear_cliente" time="0.000" /><testcase classname="tests.dominio.entities.test_cliente_entities.TestClienteEntity" name="test_cliente_entity_creation" time="0.000" /><testcase classname="tests.dominio.entities.test_cliente_entities.TestClienteEntity" name="test_cliente_entity_to_dict" time="0.000" /><testcase classname="tests.dominio.entities.test_cliente_entities.TestClienteEntity" name="test_cliente_entity_immutable" time="0.000" /><testcase classname="tests.dominio.entities.test_cliente_entities.TestClienteEntity" name="test_cliente_different_types" time="0.000" /><testcase classname="tests.dominio.entities.test_cliente_entities.TestClienteEntity" name="test_cliente_email_validation" time="0.000" /><testcase classname="tests.dominio.entities.test_cliente_entities.TestClienteEntity" name="test_cliente_nit_uniqueness" time="0.000" /><testcase classname="tests.dominio.entities.test_cliente_entities.TestClienteEntity" name="test_cliente_razon_social_variations" time="0.000" /><testcase classname="tests.dominio.repositorios.test_cliente_repository.TestClienteRepository" name="test_repository_is_abstract" time="0.000" /><testcase classname="tests.dominio.repositorios.test_cliente_repository.TestClienteRepository" name="test_repository_has_required_methods" time="0.000" /><testcase classname="tests.dominio.repositorios.test_cliente_repository.TestClienteRepository" name="test_repository_cannot_be_instantiated" time="0.000" /><testcase classname="tests.infraestructura.cmd.test_cliente_cmd.TestClienteCmd" name="test_obtener_todos_los_clientes" time="0.002" /><testcase classname="tests.infraestructura.cmd.test_cliente_cmd.TestClienteCmd" name="test_obtener_todos_los_clientes_empty" time="0.000" /><testcase classname="tests.infraestructura.cmd.test_cliente_cmd.TestClienteCmd" name="test_obtener_todos_los_clientes_error" time="0.000" /><testcase classname="tests.infraestructura.cmd.test_cliente_cmd.TestClienteCmd" name="test_obtener_cliente_por_id" time="0.000" /><testcase classname="tests.infraestructura.cmd.test_cliente_cmd.TestClienteCmd" name="test_obtener_cliente_por_id_not_found" time="0.000" /><testcase classname="tests.infraestructura.cmd.test_cliente_cmd.TestClienteCmd" name="test_obtener_cliente_por_id_error" time="0.000" /><testcase classname="tests.infraestructura.cmd.test_cliente_cmd.TestClienteCmd" name="test_obtener_clientes_por_categoria" time="0.000" /><testcase classname="tests.infraestructura.cmd.test_cliente_cmd.TestClienteCmd" name="test_obtener_clientes_por_categoria_error" time="0.000" /><testcase classname="tests.infraestructura.cmd.test_cliente_cmd.TestClienteCmd" name="test_buscar_clientes_por_nombre" time="0.000" /><testcase classname="tests.infraestructura.cmd.test_cliente_cmd.TestClienteCmd" name="test_buscar_clientes_por_nombre_error" time="0.000" /><testcase classname="tests.infraestructura.cmd.test_cliente_cmd.TestClienteCmd" name="test_crear_cliente" time="0.001" /><testcase classname="tests.infraestructura.cmd.test_cliente_cmd.TestClienteCmd" name="test_crear_cliente_missing_field" time="0.000" /><testcase classname="tests.infraestructura.cmd.test_cliente_cmd.TestClienteCmd" name="test_crear_cliente_error" time="0.000" /><testcase classname="tests.infraestructura.repositorios.test_cliente_repository_impl.TestClienteRepositoryImpl" name="test_repository_creation" time="0.000" /><testcase classname="tests.infraestructura.repositorios.test_cliente_repository_impl.TestClienteRepositoryImpl" name="test_model_to_entity_conversion" time="0.000" /><testcase classname="tests.infraestructura.repositorios.test_cliente_repository_impl.TestClienteRepositoryImpl" name="test_entity_to_model_conversion" time="0.001" /><testcase classname="tests.infraestructura.repositorios.test_cliente_repository_impl.TestClienteRepositoryImpl" name="test_obtener_todos" time="0.001" /><testcase classname="tests.infraestructura.repositorios.test_cliente_repository_impl.TestClienteRepositoryImpl" name="test_obtener_todos_con_error" time="0.001" /><testcase classname="tests.infraestructura.repositorios.test_cliente_repository_impl.TestClienteRepositoryImpl" name="test_obtener_por_id_encontrado" time="0.001" /><testcase classname="tests.infraestructura.repositorios.test_cliente_repository_impl.TestClienteRepositoryImpl" name="test_obtener_por_id_no_encontrado" time="0.001" /><testcase classname="tests.infraestructura.repositorios.test_cliente_repository_impl.TestClienteRepositoryImpl" name="test_obtener_por_id_con_error" time="0.001" /><testcase classname="tests.infraestructura.repositorios.test_cliente_repository_impl.TestClienteRepositoryImpl" name="test_buscar_por_nombre" time="0.001" /><testcase classname="tests.infraestructura.repositorios.test_cliente_repository_impl.TestClienteRepositoryImpl" name="test_buscar_por_nombre_con_error" time="0.001" /><testcase classname="tests.infraestructura.repositorios.test_cliente_repository_impl.TestClienteRepositoryImpl" name="test_crear_cliente" time="0.001" /><testcase classname="tests.infraestructura.repositorios.test_cliente_repository_impl.TestClienteRepositoryImpl" name="test_crear_cliente_nit_duplicado" time="0.001" /><testcase classname="tests.infraestructura.repositorios.test_cliente_repository_impl.TestClienteRepositoryImpl" name="test_crear_cliente_con_error_generico" time="0.001" /><testcase classname="tests.infraestructura.rutas.test_cliente_routes.TestClienteRoutes" name="test_create_cliente_routes" time="0.000" /><testcase classname="tests.infraestructura.rutas.test_cliente_routes.TestClienteRoutes" name="test_route_obtener_todos_los_clientes" time="0.006" /><testcase classname="tests.infraestructura.rutas.test_cliente_routes.TestClienteRoutes" name="test_route_obtener_cliente_por_id" time="0.002" /><testcase classname="tests.infraestructura.rutas.test_cliente_routes.TestClienteRoutes" name="test_route_obtener_clientes_por_categoria" time="0.002" /><testcase classname="tests.infraestructura.rutas.test_cliente_routes.TestClienteRoutes" name="test_route_buscar_clientes_por_nombre" time="0.002" /><testcase classname="tests.infraestructura.rutas.test_cliente_routes.TestClienteRoutes" name="test_route_buscar_clientes_sin_nombre" time="0.002" /><testcase classname="tests.infraestructura.rutas.test_cliente_routes.TestClienteRoutes" name="test_route_crear_cliente" time="0.002" /><testcase classname="tests.infraestructura.rutas.test_cliente_routes.TestClienteRoutes" name="test_route_crear_cliente_sin_body" time="0.002" /><testcase classname="tests.modules.autorizador.aplicacion.servicios.test_auth_service.TestAuthService" name="test_auth_service_init" time="0.001" /><testcase classname="tests.modules.autorizador.aplicacion.servicios.test_auth_service.TestAuthService" name="test_validate_token_valid" time="0.000" /><testcase classname="tests.modules.autorizador.aplicacion.servicios.test_auth_service.TestAuthService" name="test_validate_token_invalid" time="0.000" /><testcase classname="tests.modules.autorizador.aplicacion.servicios.test_auth_service.TestAuthService" name="test_validate_token_none" time="0.000" /><testcase classname="tests.modules.autorizador.aplicacion.servicios.test_auth_service.TestAuthService" name="test_validate_token_expired" time="0.000" /><testcase classname="tests.modules.autorizador.aplicacion.servicios.test_auth_service.TestAuthService" name="test_get_token_payload_valid" time="0.000" /><testcase classname="tests.modules.autorizador.aplicacion.servicios.test_auth_service.TestAuthService" name="test_get_token_payload_invalid" time="0.000" /><testcase classname="tests.modules.autorizador.aplicacion.servicios.test_auth_service.TestAuthService" name="test_get_token_payload_none" time="0.000" /><testcase classname="tests.modules.autorizador.aplicacion.servicios.test_auth_service.TestAuthService" name="test_get_token_payload_malformed_header" time="0.000" /><testcase classname="tests.modules.autorizador.aplicacion.servicios.test_auth_service.TestAuthService" name="test_authorize_access_public_route" time="0.000" /><testcase classname="tests.modules.autorizador.aplicacion.servicios.test_auth_service.TestAuthService" name="test_authorize_access_internal_request" time="0.001" /><testcase classname="tests.modules.autorizador.aplicacion.servicios.test_auth_service.TestAuthService" name="test_authorize_access_valid_token" time="0.000" /><testcase classname="tests.modules.autorizador.aplicacion.servicios.test_auth_service.TestAuthService" name="test_authorize_access_no_token" time="0.000" /><testcase classname="tests.modules.autorizador.aplicacion.servicios.test_auth_service.TestAuthService" name="test_authorize_access_insufficient_permissions" time="0.000" /><testcase classname="tests.modules.autorizador.aplicacion.servicios.test_auth_service.TestAuthService" name="test_authorize_access_malformed_token" time="0.000" /><testcase classname="tests.modules.autorizador.aplicacion.servicios.test_auth_service.TestAuthService" name="test_get_user_info_valid" time="0.000" /><testcase classname="tests.modules.autorizador.aplicacion.servicios.test_auth_service.TestAuthService" name="test_get_user_info_invalid" time="0.000" /><testcase classname="tests.modules.autorizador.aplicacion.servicios.test_auth_service.TestAuthService" name="test_get_user_info_none" time="0.000" /><testcase classname="tests.modules.autorizador.aplicacion.servicios.test_authorization_service.TestAuthorizationService" name="test_authorization_service_init" time="0.000" /><testcase classname="tests.modules.autorizador.aplicacion.servicios.test_authorization_service.TestAuthorizationService" name="test_validate_token_valid" time="0.000" /><testcase classname="tests.modules.autorizador.aplicacion.servicios.test_authorization_service.TestAuthorizationService" name="test_validate_token_missing" time="0.000" /><testcase classname="tests.modules.autorizador.aplicacion.servicios.test_authorization_service.TestAuthorizationService" name="test_validate_token_invalid" time="0.000" /><testcase classname="tests.modules.autorizador.aplicacion.servicios.test_authorization_service.TestAuthorizationService" name="test_validate_access_allowed" time="0.000" /><testcase classname="tests.modules.autorizador.aplicacion.servicios.test_authorization_service.TestAuthorizationService" name="test_validate_access_denied" time="0.000" /><testcase classname="tests.modules.autorizador.aplicacion.servicios.test_authorization_service.TestAuthorizationService" name="test_authorize_request_public_route" time="0.000" /><testcase classname="tests.modules.autorizador.aplicacion.servicios.test_authorization_service.TestAuthorizationService" name="test_authorize_request_valid" time="0.000" /><testcase classname="tests.modules.autorizador.aplicacion.servicios.test_authorization_service.TestAuthorizationService" name="test_authorize_request_denied" time="0.000" /><testcase classname="tests.modules.autorizador.aplicacion.servicios.test_authorization_service.TestAuthorizationService" name="test_authorize_request_insufficient_permissions" time="0.000" /><testcase classname="tests.modules.autorizador.aplicacion.servicios.test_authorization_service.TestAuthorizationService" name="test_is_public_route" time="0.000" /><testcase classname="tests.modules.autorizador.aplicacion.servicios.test_authorization_service.TestAuthorizationService" name="test_get_user_info_valid" time="0.000" /><testcase classname="tests.modules.autorizador.aplicacion.servicios.test_authorization_service.TestAuthorizationService" name="test_get_user_info_invalid" time="0.000" /><testcase classname="tests.modules.autorizador.aplicacion.servicios.test_authorization_service.TestAuthorizationService" name="test_get_user_info_none" time="0.000" /><testcase classname="tests.modules.autorizador.aplicacion.use_cases.test_access_validator.TestAccessValidator" name="test_access_validator_init" time="0.000" /><testcase classname="tests.modules.autorizador.aplicacion.use_cases.test_access_validator.TestAccessValidator" name="test_is_public_route_exact_match" time="0.000" /><testcase classname="tests.modules.autorizador.aplicacion.use_cases.test_access_validator.TestAccessValidator" name="test_is_public_route_prefix_match" time="0.000" /><testcase classname="tests.modules.autorizador.aplicacion.use_cases.test_access_validator.TestAccessValidator" name="test_is_public_route_private" time="0.000" /><testcase classname="tests.modules.autorizador.aplicacion.use_cases.test_access_validator.TestAccessValidator" name="test_is_internal_request_with_headers" time="0.001" /><testcase classname="tests.modules.autorizador.aplicacion.use_cases.test_access_validator.TestAccessValidator" name="test_is_internal_request_without_headers" time="0.000" /><testcase classname="tests.modules.autorizador.aplicacion.use_cases.test_access_validator.TestAccessValidator" name="test_is_internal_request_partial_headers" time="0.000" /><testcase classname="tests.modules.autorizador.aplicacion.use_cases.test_access_validator.TestAccessValidator" name="test_validate_access_public_route" time="0.000" /><testcase classname="tests.modules.autorizador.aplicacion.use_cases.test_access_validator.TestAccessValidator" name="test_validate_access_admin_read" time="0.000" /><testcase classname="tests.modules.autorizador.aplicacion.use_cases.test_access_validator.TestAccessValidator" name="test_validate_access_admin_create" time="0.000" /><testcase classname="tests.modules.autorizador.aplicacion.use_cases.test_access_validator.TestAccessValidator" name="test_validate_access_user_read" time="0.000" /><testcase classname="tests.modules.autorizador.aplicacion.use_cases.test_access_validator.TestAccessValidator" name="test_validate_access_viewer_read" time="0.000" /><testcase classname="tests.modules.autorizador.aplicacion.use_cases.test_access_validator.TestAccessValidator" name="test_validate_access_viewer_create_denied" time="0.000" /><testcase classname="tests.modules.autorizador.aplicacion.use_cases.test_access_validator.TestAccessValidator" name="test_validate_access_unauthorized_route" time="0.000" /><testcase classname="tests.modules.autorizador.aplicacion.use_cases.test_access_validator.TestAccessValidator" name="test_get_required_permission_exact_route" time="0.000" /><testcase classname="tests.modules.autorizador.aplicacion.use_cases.test_access_validator.TestAccessValidator" name="test_get_required_permission_prefix_route" time="0.000" /><testcase classname="tests.modules.autorizador.aplicacion.use_cases.test_access_validator.TestAccessValidator" name="test_get_required_permission_unauthorized_route" time="0.000" /><testcase classname="tests.modules.autorizador.aplicacion.use_cases.test_access_validator.TestAccessValidator" name="test_get_user_permissions_admin" time="0.000" /><testcase classname="tests.modules.autorizador.aplicacion.use_cases.test_access_validator.TestAccessValidator" name="test_get_user_permissions_user" time="0.000" /><testcase classname="tests.modules.autorizador.aplicacion.use_cases.test_access_validator.TestAccessValidator" name="test_get_user_permissions_viewer" time="0.000" /><testcase classname="tests.modules.autorizador.aplicacion.use_cases.test_token_validator.TestTokenValidator" name="test_token_validator_init" time="0.000" /><testcase classname="tests.modules.autorizador.aplicacion.use_cases.test_token_validator.TestTokenValidator" name="test_extract_token_from_header_valid" time="0.000" /><testcase classname="tests.modules.autorizador.aplicacion.use_cases.test_token_validator.TestTokenValidator" name="test_extract_token_from_header_none" time="0.000" /><testcase classname="tests.modules.autorizador.aplicacion.use_cases.test_token_validator.TestTokenValidator" name="test_extract_token_from_header_empty" time="0.000" /><testcase classname="tests.modules.autorizador.aplicacion.use_cases.test_token_validator.TestTokenValidator" name="test_extract_token_from_header_no_bearer" time="0.000" /><testcase classname="tests.modules.autorizador.aplicacion.use_cases.test_token_validator.TestTokenValidator" name="test_extract_token_from_header_malformed" time="0.000" /><testcase classname="tests.modules.autorizador.aplicacion.use_cases.test_token_validator.TestTokenValidator" name="test_extract_token_from_header_short_token" time="0.000" /><testcase classname="tests.modules.autorizador.aplicacion.use_cases.test_token_validator.TestTokenValidator" name="test_extract_token_from_header_invalid_jwt_format" time="0.000" /><testcase classname="tests.modules.autorizador.aplicacion.use_cases.test_token_validator.TestTokenValidator" name="test_validate_token_valid" time="0.000" /><testcase classname="tests.modules.autorizador.aplicacion.use_cases.test_token_validator.TestTokenValidator" name="test_validate_token_expired" time="0.000" /><testcase classname="tests.modules.autorizador.aplicacion.use_cases.test_token_validator.TestTokenValidator" name="test_validate_token_invalid_signature" time="0.000" /><testcase classname="tests.modules.autorizador.aplicacion.use_cases.test_token_validator.TestTokenValidator" name="test_validate_token_empty" time="0.000" /><testcase classname="tests.modules.autorizador.aplicacion.use_cases.test_token_validator.TestTokenValidator" name="test_validate_token_none" time="0.000" /><testcase classname="tests.modules.autorizador.aplicacion.use_cases.test_token_validator.TestTokenValidator" name="test_validate_token_missing_fields" time="0.000" /><testcase classname="tests.modules.autorizador.aplicacion.use_cases.test_token_validator.TestTokenValidator" name="test_validate_token_invalid_role" time="0.000" /><testcase classname="tests.modules.autorizador.aplicacion.use_cases.test_token_validator.TestTokenValidator" name="test_validate_payload_structure_valid" time="0.000" /><testcase classname="tests.modules.autorizador.aplicacion.use_cases.test_token_validator.TestTokenValidator" name="test_validate_payload_structure_missing_user_id" time="0.000" /><testcase classname="tests.modules.autorizador.aplicacion.use_cases.test_token_validator.TestTokenValidator" name="test_validate_payload_structure_missing_role" time="0.000" /><testcase classname="tests.modules.autorizador.aplicacion.use_cases.test_token_validator.TestTokenValidator" name="test_validate_payload_structure_missing_exp" time="0.000" /><testcase classname="tests.modules.autorizador.aplicacion.use_cases.test_token_validator.TestTokenValidator" name="test_validate_payload_structure_invalid_user_id_type" time="0.000" /><testcase classname="tests.modules.autorizador.aplicacion.use_cases.test_token_validator.TestTokenValidator" name="test_validate_payload_structure_invalid_exp_type" time="0.000" /><testcase classname="tests.modules.autorizador.dominio.test_exceptions.TestExceptions" name="test_authorization_error_base" time="0.000" /><testcase classname="tests.modules.autorizador.dominio.test_exceptions.TestExceptions" name="test_invalid_token_error" time="0.000" /><testcase classname="tests.modules.autorizador.dominio.test_exceptions.TestExceptions" name="test_invalid_token_error_default_message" time="0.000" /><testcase classname="tests.modules.autorizador.dominio.test_exceptions.TestExceptions" name="test_expired_token_error" time="0.000" /><testcase classname="tests.modules.autorizador.dominio.test_exceptions.TestExceptions" name="test_expired_token_error_default_message" time="0.001" /><testcase classname="tests.modules.autorizador.dominio.test_exceptions.TestExceptions" name="test_insufficient_permissions_error" time="0.000" /><testcase classname="tests.modules.autorizador.dominio.test_exceptions.TestExceptions" name="test_insufficient_permissions_error_default_message" time="0.000" /><testcase classname="tests.modules.autorizador.dominio.test_exceptions.TestExceptions" name="test_missing_token_error" time="0.000" /><testcase classname="tests.modules.autorizador.dominio.test_exceptions.TestExceptions" name="test_missing_token_error_default_message" time="0.000" /><testcase classname="tests.modules.autorizador.infraestructura.middleware.test_authorization_middleware.TestAuthorizationMiddleware" name="test_middleware_init" time="0.000" /><testcase classname="tests.modules.autorizador.infraestructura.middleware.test_authorization_middleware.TestAuthorizationMiddleware" name="test_before_request_options" time="0.001" /><testcase classname="tests.modules.autorizador.infraestructura.middleware.test_authorization_middleware.TestAuthorizationMiddleware" name="test_before_request_public_route" time="0.001" /><testcase classname="tests.modules.autorizador.infraestructura.middleware.test_authorization_middleware.TestAuthorizationMiddleware" name="test_before_request_authorized" time="0.011" /><testcase classname="tests.modules.autorizador.infraestructura.middleware.test_authorization_middleware.TestAuthorizationMiddleware" name="test_before_request_unauthorized" time="0.001" /><testcase classname="tests.modules.autorizador.infraestructura.middleware.test_authorization_middleware.TestAuthorizationMiddleware" name="test_before_request_invalid_token" time="0.001" /><testcase classname="tests.modules.autorizador.infraestructura.middleware.test_authorization_middleware.TestAuthorizationMiddleware" name="test_create_authorization_middleware_valid" time="0.001" /><testcase classname="tests.modules.autorizador.infraestructura.middleware.test_authorization_middleware.TestAuthorizationMiddleware" name="test_create_authorization_middleware_short_secret" time="0.000" /><testcase classname="tests.modules.autorizador.infraestructura.middleware.test_authorization_middleware.TestAuthorizationMiddleware" name="test_create_authorization_middleware_empty_secret" time="0.000" /><testcase classname="tests.modules.autorizador.infraestructura.middleware.test_authorization_middleware.TestAuthorizationMiddleware" name="test_create_authorization_middleware_none_secret" time="0.000" /><testcase classname="tests.modules.autorizador.infraestructura.middleware.test_authorization_middleware.TestAuthorizationMiddleware" name="test_create_authorization_middleware_registers_before_request" time="0.001" /><testcase classname="tests.test_main.TestMain" name="test_setup_logging" time="0.000" /><testcase classname="tests.test_main.TestMain" name="test_create_application_success" time="0.001" /><testcase classname="tests.test_main.TestMain" name="test_create_application_failure" time="0.001" /><testcase classname="tests.test_main.TestMain" name="test_main_module_has_app" time="0.000" /></testsuite></testsuites>